2025-12-12 16:18:43,597 INFO o.a.j.u.JMeterUtils: Setting Locale to en_EN
2025-12-12 16:18:43,610 INFO o.a.j.JMeter: Loading user properties from: E:\apache-jmeter-5.6.3\bin\user.properties
2025-12-12 16:18:43,615 INFO o.a.j.JMeter: Loading system properties from: E:\apache-jmeter-5.6.3\bin\system.properties
2025-12-12 16:18:43,622 INFO o.a.j.JMeter: Copyright (c) 1998-2024 The Apache Software Foundation
2025-12-12 16:18:43,622 INFO o.a.j.JMeter: Version 5.6.3
2025-12-12 16:18:43,622 INFO o.a.j.JMeter: java.version=17.0.14
2025-12-12 16:18:43,622 INFO o.a.j.JMeter: java.vm.name=Java HotSpot(TM) 64-Bit Server VM
2025-12-12 16:18:43,622 INFO o.a.j.JMeter: os.name=Windows 11
2025-12-12 16:18:43,622 INFO o.a.j.JMeter: os.arch=amd64
2025-12-12 16:18:43,623 INFO o.a.j.JMeter: os.version=10.0
2025-12-12 16:18:43,623 INFO o.a.j.JMeter: file.encoding=GBK
2025-12-12 16:18:43,623 INFO o.a.j.JMeter: java.awt.headless=true
2025-12-12 16:18:43,623 INFO o.a.j.JMeter: Max memory     =1073741824
2025-12-12 16:18:43,623 INFO o.a.j.JMeter: Available Processors =20
2025-12-12 16:18:43,630 INFO o.a.j.JMeter: Default Locale=English (EN)
2025-12-12 16:18:43,631 INFO o.a.j.JMeter: JMeter  Locale=English (EN)
2025-12-12 16:18:43,631 INFO o.a.j.JMeter: JMeterHome=E:\apache-jmeter-5.6.3
2025-12-12 16:18:43,631 INFO o.a.j.JMeter: user.dir  =D:\我的资料\非关系数据库\seckill-master\seckill
2025-12-12 16:18:43,631 INFO o.a.j.JMeter: PWD       =D:\我的资料\非关系数据库\seckill-master\seckill
2025-12-12 16:18:43,633 INFO o.a.j.JMeter: IP: 192.168.72.230 Name: haofeifan FullName: haofeifan
2025-12-12 16:18:43,643 INFO o.a.j.JMeter: Setting property 'jmeter.reportgenerator.outputdir' to:'D:\我的资料\非关系数据库\seckill-master\seckill\jmeter_report'
2025-12-12 16:18:43,646 INFO o.a.j.s.FileServer: Default base='D:\我的资料\非关系数据库\seckill-master\seckill'
2025-12-12 16:18:43,648 INFO o.a.j.s.FileServer: Set new base='D:\我的资料\非关系数据库\seckill-master\seckill'
2025-12-12 16:18:43,820 INFO o.a.j.s.SaveService: Testplan (JMX) version: 2.2. Testlog (JTL) version: 2.2
2025-12-12 16:18:43,851 INFO o.a.j.s.SaveService: Using SaveService properties version 5.0
2025-12-12 16:18:43,853 INFO o.a.j.s.SaveService: Using SaveService properties file encoding UTF-8
2025-12-12 16:18:43,855 INFO o.a.j.s.SaveService: Loading file: seckill_test.jmx
2025-12-12 16:18:43,910 INFO o.a.j.p.h.s.HTTPSamplerBase: Parser for text/html is org.apache.jmeter.protocol.http.parser.LagartoBasedHtmlParser
2025-12-12 16:18:43,910 INFO o.a.j.p.h.s.HTTPSamplerBase: Parser for application/xhtml+xml is org.apache.jmeter.protocol.http.parser.LagartoBasedHtmlParser
2025-12-12 16:18:43,910 INFO o.a.j.p.h.s.HTTPSamplerBase: Parser for application/xml is org.apache.jmeter.protocol.http.parser.LagartoBasedHtmlParser
2025-12-12 16:18:43,910 INFO o.a.j.p.h.s.HTTPSamplerBase: Parser for text/xml is org.apache.jmeter.protocol.http.parser.LagartoBasedHtmlParser
2025-12-12 16:18:43,910 INFO o.a.j.p.h.s.HTTPSamplerBase: Parser for text/vnd.wap.wml is org.apache.jmeter.protocol.http.parser.RegexpHTMLParser
2025-12-12 16:18:43,910 INFO o.a.j.p.h.s.HTTPSamplerBase: Parser for text/css is org.apache.jmeter.protocol.http.parser.CssParser
2025-12-12 16:18:43,939 INFO o.a.j.JMeter: Creating summariser <summary>
2025-12-12 16:18:43,942 INFO o.a.j.r.d.ReportGenerator: ReportGenerator will use for Parsing the separator: ','
2025-12-12 16:18:43,942 INFO o.a.j.r.d.ReportGenerator: Will generate report at end of test from  results file: test_results.jtl
2025-12-12 16:18:43,942 INFO o.a.j.r.d.ReportGenerator: Reading report generator properties from: E:\apache-jmeter-5.6.3\bin\reportgenerator.properties
2025-12-12 16:18:43,948 INFO o.a.j.r.d.ReportGenerator: Merging with JMeter properties
2025-12-12 16:18:43,954 INFO o.a.j.r.c.ReportGeneratorConfiguration: Property 'jmeter.reportgenerator.temp_dir' not found, using default value 'temp' instead.
2025-12-12 16:18:43,958 INFO o.a.j.r.c.ReportGeneratorConfiguration: Property 'jmeter.reportgenerator.apdex_per_transaction' not found, using default value 'null' instead.
2025-12-12 16:18:43,959 INFO o.a.j.r.c.ReportGeneratorConfiguration: apdex_per_transaction is empty, not APDEX per transaction customization
2025-12-12 16:18:43,959 INFO o.a.j.r.c.ReportGeneratorConfiguration: Property 'jmeter.reportgenerator.sample_filter' not found, using default value 'null' instead.
2025-12-12 16:18:43,959 INFO o.a.j.r.c.ReportGeneratorConfiguration: Property 'jmeter.reportgenerator.report_title' not found, using default value 'null' instead.
2025-12-12 16:18:43,959 INFO o.a.j.r.c.ReportGeneratorConfiguration: Property 'jmeter.reportgenerator.start_date' not found, using default value 'null' instead.
2025-12-12 16:18:43,959 INFO o.a.j.r.c.ReportGeneratorConfiguration: Property 'jmeter.reportgenerator.end_date' not found, using default value 'null' instead.
2025-12-12 16:18:43,959 INFO o.a.j.r.c.ReportGeneratorConfiguration: Property 'jmeter.reportgenerator.date_format' not found, using default value 'null' instead.
2025-12-12 16:18:43,960 INFO o.a.j.r.c.ReportGeneratorConfiguration: Will use date range start date: null, end date: null
2025-12-12 16:18:43,962 INFO o.a.j.r.c.ReportGeneratorConfiguration: Property 'jmeter.reportgenerator.graph.totalTPS.exclude_controllers' not found, using default value 'false' instead.
2025-12-12 16:18:43,962 INFO o.a.j.r.c.ReportGeneratorConfiguration: Property 'jmeter.reportgenerator.graph.activeThreadsOverTime.exclude_controllers' not found, using default value 'false' instead.
2025-12-12 16:18:43,963 INFO o.a.j.r.c.ReportGeneratorConfiguration: Property 'jmeter.reportgenerator.graph.timeVsThreads.exclude_controllers' not found, using default value 'false' instead.
2025-12-12 16:18:43,963 INFO o.a.j.r.c.ReportGeneratorConfiguration: Property 'jmeter.reportgenerator.graph.responseTimeDistribution.exclude_controllers' not found, using default value 'false' instead.
2025-12-12 16:18:43,963 INFO o.a.j.r.c.ReportGeneratorConfiguration: Property 'jmeter.reportgenerator.graph.transactionsPerSecond.exclude_controllers' not found, using default value 'false' instead.
2025-12-12 16:18:43,963 INFO o.a.j.r.c.ReportGeneratorConfiguration: Property 'jmeter.reportgenerator.graph.responseTimePercentiles.exclude_controllers' not found, using default value 'false' instead.
2025-12-12 16:18:43,963 INFO o.a.j.r.c.ReportGeneratorConfiguration: Property 'jmeter.reportgenerator.graph.responseTimePercentilesOverTime.exclude_controllers' not found, using default value 'false' instead.
2025-12-12 16:18:43,963 INFO o.a.j.r.c.ReportGeneratorConfiguration: Property 'jmeter.reportgenerator.graph.responseTimesOverTime.exclude_controllers' not found, using default value 'false' instead.
2025-12-12 16:18:43,963 INFO o.a.j.r.c.ReportGeneratorConfiguration: Property 'jmeter.reportgenerator.graph.connectTimeOverTime.exclude_controllers' not found, using default value 'false' instead.
2025-12-12 16:18:43,963 INFO o.a.j.r.c.ReportGeneratorConfiguration: Property 'jmeter.reportgenerator.graph.latenciesOverTime.exclude_controllers' not found, using default value 'false' instead.
2025-12-12 16:18:43,964 INFO o.a.j.r.c.ReportGeneratorConfiguration: Property 'jmeter.reportgenerator.exporter.json.filters_only_sample_series' not found, using default value 'true' instead.
2025-12-12 16:18:43,964 INFO o.a.j.r.c.ReportGeneratorConfiguration: Property 'jmeter.reportgenerator.exporter.json.series_filter' not found, using default value '' instead.
2025-12-12 16:18:43,964 INFO o.a.j.r.c.ReportGeneratorConfiguration: Property 'jmeter.reportgenerator.exporter.json.show_controllers_only' not found, using default value 'false' instead.
2025-12-12 16:18:43,964 INFO o.a.j.r.c.ReportGeneratorConfiguration: Property 'jmeter.reportgenerator.exporter.html.filters_only_sample_series' not found, using default value 'true' instead.
2025-12-12 16:18:43,964 INFO o.a.j.r.c.ReportGeneratorConfiguration: Property 'jmeter.reportgenerator.exporter.html.series_filter' not found, using default value '' instead.
2025-12-12 16:18:43,965 INFO o.a.j.r.c.ReportGeneratorConfiguration: Property 'jmeter.reportgenerator.exporter.html.show_controllers_only' not found, using default value 'false' instead.
2025-12-12 16:18:43,975 INFO o.a.j.e.StandardJMeterEngine: Running the test!
2025-12-12 16:18:43,975 INFO o.a.j.s.SampleEvent: List of sample_variables: []
2025-12-12 16:18:43,975 INFO o.a.j.s.SampleEvent: List of sample_variables: []
2025-12-12 16:18:43,979 INFO o.a.j.e.u.CompoundVariable: Note: Function class names must contain the string: '.functions.'
2025-12-12 16:18:43,979 INFO o.a.j.e.u.CompoundVariable: Note: Function class names must not contain the string: '.gui.'
2025-12-12 16:18:44,042 INFO o.a.j.JMeter: Running test (1765527524042)
2025-12-12 16:18:44,056 INFO o.a.j.e.StandardJMeterEngine: Starting ThreadGroup: 1 : 秒杀用户组
2025-12-12 16:18:44,056 INFO o.a.j.e.StandardJMeterEngine: Starting 100 threads for group 秒杀用户组.
2025-12-12 16:18:44,057 INFO o.a.j.e.StandardJMeterEngine: Thread will continue on error
2025-12-12 16:18:44,057 INFO o.a.j.t.ThreadGroup: Starting thread group... number=1 threads=100 ramp-up=1 delayedStart=false
2025-12-12 16:18:44,065 INFO o.a.j.t.JMeterThread: Thread started: 秒杀用户组 1-1
2025-12-12 16:18:44,073 INFO o.a.j.t.JMeterThread: Thread started: 秒杀用户组 1-2
2025-12-12 16:18:44,081 INFO o.a.j.t.JMeterThread: Thread started: 秒杀用户组 1-3
2025-12-12 16:18:44,083 INFO o.a.j.t.ThreadGroup: Started thread group number 1
2025-12-12 16:18:44,083 INFO o.a.j.e.StandardJMeterEngine: All thread groups have been started
2025-12-12 16:18:44,088 INFO o.a.j.p.h.s.HTTPHCAbstractImpl: Local host = haofeifan
2025-12-12 16:18:44,091 INFO o.a.j.t.JMeterThread: Thread started: 秒杀用户组 1-4
2025-12-12 16:18:44,094 INFO o.a.j.p.h.s.HTTPHC4Impl: HTTP request retry count = 0
2025-12-12 16:18:44,095 INFO o.a.j.s.SampleResult: Note: Sample TimeStamps are START times
2025-12-12 16:18:44,095 INFO o.a.j.s.SampleResult: sampleresult.default.encoding is set to UTF-8
2025-12-12 16:18:44,095 INFO o.a.j.s.SampleResult: sampleresult.useNanoTime=true
2025-12-12 16:18:44,095 INFO o.a.j.s.SampleResult: sampleresult.nanoThreadSleep=5000
2025-12-12 16:18:44,102 INFO o.a.j.t.JMeterThread: Thread started: 秒杀用户组 1-5
2025-12-12 16:18:44,113 INFO o.a.j.t.JMeterThread: Thread started: 秒杀用户组 1-6
2025-12-12 16:18:44,120 INFO o.a.j.t.JMeterThread: Thread started: 秒杀用户组 1-7
2025-12-12 16:18:44,129 INFO o.a.j.t.JMeterThread: Thread started: 秒杀用户组 1-8
2025-12-12 16:18:44,140 INFO o.a.j.t.JMeterThread: Thread started: 秒杀用户组 1-9
2025-12-12 16:18:44,151 INFO o.a.j.t.JMeterThread: Thread started: 秒杀用户组 1-10
2025-12-12 16:18:44,159 INFO o.a.j.t.JMeterThread: Thread started: 秒杀用户组 1-11
2025-12-12 16:18:44,169 INFO o.a.j.t.JMeterThread: Thread started: 秒杀用户组 1-12
2025-12-12 16:18:44,180 INFO o.a.j.t.JMeterThread: Thread started: 秒杀用户组 1-13
2025-12-12 16:18:44,189 INFO o.a.j.t.JMeterThread: Thread started: 秒杀用户组 1-14
2025-12-12 16:18:44,198 INFO o.a.j.t.JMeterThread: Thread started: 秒杀用户组 1-15
2025-12-12 16:18:44,207 INFO o.a.j.t.JMeterThread: Thread started: 秒杀用户组 1-16
2025-12-12 16:18:44,217 INFO o.a.j.t.JMeterThread: Thread started: 秒杀用户组 1-17
2025-12-12 16:18:44,229 INFO o.a.j.t.JMeterThread: Thread started: 秒杀用户组 1-18
2025-12-12 16:18:44,240 INFO o.a.j.t.JMeterThread: Thread started: 秒杀用户组 1-19
2025-12-12 16:18:44,248 INFO o.a.j.t.JMeterThread: Thread started: 秒杀用户组 1-20
2025-12-12 16:18:44,261 INFO o.a.j.t.JMeterThread: Thread started: 秒杀用户组 1-21
2025-12-12 16:18:44,268 INFO o.a.j.t.JMeterThread: Thread started: 秒杀用户组 1-22
2025-12-12 16:18:44,279 INFO o.a.j.t.JMeterThread: Thread started: 秒杀用户组 1-23
2025-12-12 16:18:44,288 INFO o.a.j.t.JMeterThread: Thread started: 秒杀用户组 1-24
2025-12-12 16:18:44,298 INFO o.a.j.t.JMeterThread: Thread started: 秒杀用户组 1-25
2025-12-12 16:18:44,307 INFO o.a.j.t.JMeterThread: Thread started: 秒杀用户组 1-26
2025-12-12 16:18:44,319 INFO o.a.j.t.JMeterThread: Thread started: 秒杀用户组 1-27
2025-12-12 16:18:44,328 INFO o.a.j.t.JMeterThread: Thread started: 秒杀用户组 1-28
2025-12-12 16:18:44,340 INFO o.a.j.t.JMeterThread: Thread started: 秒杀用户组 1-29
2025-12-12 16:18:44,343 INFO o.a.j.t.JMeterThread: Thread is done: 秒杀用户组 1-24
2025-12-12 16:18:44,343 INFO o.a.j.t.JMeterThread: Thread is done: 秒杀用户组 1-4
2025-12-12 16:18:44,343 INFO o.a.j.t.JMeterThread: Thread is done: 秒杀用户组 1-14
2025-12-12 16:18:44,343 INFO o.a.j.t.JMeterThread: Thread is done: 秒杀用户组 1-12
2025-12-12 16:18:44,343 INFO o.a.j.t.JMeterThread: Thread is done: 秒杀用户组 1-17
2025-12-12 16:18:44,343 INFO o.a.j.t.JMeterThread: Thread finished: 秒杀用户组 1-12
2025-12-12 16:18:44,343 INFO o.a.j.t.JMeterThread: Thread is done: 秒杀用户组 1-7
2025-12-12 16:18:44,343 INFO o.a.j.t.JMeterThread: Thread is done: 秒杀用户组 1-19
2025-12-12 16:18:44,343 INFO o.a.j.t.JMeterThread: Thread finished: 秒杀用户组 1-7
2025-12-12 16:18:44,343 INFO o.a.j.t.JMeterThread: Thread is done: 秒杀用户组 1-6
2025-12-12 16:18:44,343 INFO o.a.j.t.JMeterThread: Thread is done: 秒杀用户组 1-9
2025-12-12 16:18:44,343 INFO o.a.j.t.JMeterThread: Thread is done: 秒杀用户组 1-16
2025-12-12 16:18:44,343 INFO o.a.j.t.JMeterThread: Thread is done: 秒杀用户组 1-21
2025-12-12 16:18:44,344 INFO o.a.j.t.JMeterThread: Thread finished: 秒杀用户组 1-9
2025-12-12 16:18:44,343 INFO o.a.j.t.JMeterThread: Thread finished: 秒杀用户组 1-6
2025-12-12 16:18:44,343 INFO o.a.j.t.JMeterThread: Thread finished: 秒杀用户组 1-19
2025-12-12 16:18:44,343 INFO o.a.j.t.JMeterThread: Thread is done: 秒杀用户组 1-25
2025-12-12 16:18:44,343 INFO o.a.j.t.JMeterThread: Thread is done: 秒杀用户组 1-18
2025-12-12 16:18:44,343 INFO o.a.j.t.JMeterThread: Thread is done: 秒杀用户组 1-20
2025-12-12 16:18:44,343 INFO o.a.j.t.JMeterThread: Thread is done: 秒杀用户组 1-15
2025-12-12 16:18:44,344 INFO o.a.j.t.JMeterThread: Thread finished: 秒杀用户组 1-18
2025-12-12 16:18:44,343 INFO o.a.j.t.JMeterThread: Thread is done: 秒杀用户组 1-11
2025-12-12 16:18:44,343 INFO o.a.j.t.JMeterThread: Thread is done: 秒杀用户组 1-1
2025-12-12 16:18:44,343 INFO o.a.j.t.JMeterThread: Thread is done: 秒杀用户组 1-8
2025-12-12 16:18:44,344 INFO o.a.j.t.JMeterThread: Thread finished: 秒杀用户组 1-11
2025-12-12 16:18:44,343 INFO o.a.j.t.JMeterThread: Thread finished: 秒杀用户组 1-17
2025-12-12 16:18:44,344 INFO o.a.j.t.JMeterThread: Thread finished: 秒杀用户组 1-8
2025-12-12 16:18:44,343 INFO o.a.j.t.JMeterThread: Thread is done: 秒杀用户组 1-23
2025-12-12 16:18:44,343 INFO o.a.j.t.JMeterThread: Thread finished: 秒杀用户组 1-24
2025-12-12 16:18:44,343 INFO o.a.j.t.JMeterThread: Thread finished: 秒杀用户组 1-14
2025-12-12 16:18:44,343 INFO o.a.j.t.JMeterThread: Thread finished: 秒杀用户组 1-4
2025-12-12 16:18:44,343 INFO o.a.j.t.JMeterThread: Thread is done: 秒杀用户组 1-10
2025-12-12 16:18:44,343 INFO o.a.j.t.JMeterThread: Thread is done: 秒杀用户组 1-13
2025-12-12 16:18:44,343 INFO o.a.j.t.JMeterThread: Thread is done: 秒杀用户组 1-28
2025-12-12 16:18:44,343 INFO o.a.j.t.JMeterThread: Thread is done: 秒杀用户组 1-22
2025-12-12 16:18:44,343 INFO o.a.j.t.JMeterThread: Thread is done: 秒杀用户组 1-26
2025-12-12 16:18:44,345 INFO o.a.j.t.JMeterThread: Thread finished: 秒杀用户组 1-28
2025-12-12 16:18:44,345 INFO o.a.j.t.JMeterThread: Thread finished: 秒杀用户组 1-22
2025-12-12 16:18:44,343 INFO o.a.j.t.JMeterThread: Thread is done: 秒杀用户组 1-2
2025-12-12 16:18:44,343 INFO o.a.j.t.JMeterThread: Thread is done: 秒杀用户组 1-5
2025-12-12 16:18:44,343 INFO o.a.j.t.JMeterThread: Thread is done: 秒杀用户组 1-27
2025-12-12 16:18:44,343 INFO o.a.j.t.JMeterThread: Thread is done: 秒杀用户组 1-3
2025-12-12 16:18:44,345 INFO o.a.j.t.JMeterThread: Thread finished: 秒杀用户组 1-5
2025-12-12 16:18:44,345 INFO o.a.j.t.JMeterThread: Thread finished: 秒杀用户组 1-26
2025-12-12 16:18:44,344 INFO o.a.j.t.JMeterThread: Thread finished: 秒杀用户组 1-13
2025-12-12 16:18:44,344 INFO o.a.j.t.JMeterThread: Thread finished: 秒杀用户组 1-10
2025-12-12 16:18:44,344 INFO o.a.j.t.JMeterThread: Thread finished: 秒杀用户组 1-1
2025-12-12 16:18:44,344 INFO o.a.j.t.JMeterThread: Thread finished: 秒杀用户组 1-20
2025-12-12 16:18:44,344 INFO o.a.j.t.JMeterThread: Thread finished: 秒杀用户组 1-21
2025-12-12 16:18:44,344 INFO o.a.j.t.JMeterThread: Thread finished: 秒杀用户组 1-16
2025-12-12 16:18:44,345 INFO o.a.j.t.JMeterThread: Thread finished: 秒杀用户组 1-23
2025-12-12 16:18:44,345 INFO o.a.j.t.JMeterThread: Thread finished: 秒杀用户组 1-27
2025-12-12 16:18:44,345 INFO o.a.j.t.JMeterThread: Thread finished: 秒杀用户组 1-3
2025-12-12 16:18:44,345 INFO o.a.j.t.JMeterThread: Thread finished: 秒杀用户组 1-2
2025-12-12 16:18:44,345 INFO o.a.j.t.JMeterThread: Thread finished: 秒杀用户组 1-15
2025-12-12 16:18:44,345 INFO o.a.j.t.JMeterThread: Thread finished: 秒杀用户组 1-25
2025-12-12 16:18:44,347 INFO o.a.j.t.JMeterThread: Thread started: 秒杀用户组 1-30
2025-12-12 16:18:44,351 INFO o.a.j.t.JMeterThread: Thread is done: 秒杀用户组 1-29
2025-12-12 16:18:44,351 INFO o.a.j.t.JMeterThread: Thread finished: 秒杀用户组 1-29
2025-12-12 16:18:44,354 INFO o.a.j.t.JMeterThread: Thread is done: 秒杀用户组 1-30
2025-12-12 16:18:44,354 INFO o.a.j.t.JMeterThread: Thread finished: 秒杀用户组 1-30
2025-12-12 16:18:44,359 INFO o.a.j.t.JMeterThread: Thread started: 秒杀用户组 1-31
2025-12-12 16:18:44,365 INFO o.a.j.t.JMeterThread: Thread is done: 秒杀用户组 1-31
2025-12-12 16:18:44,365 INFO o.a.j.t.JMeterThread: Thread finished: 秒杀用户组 1-31
2025-12-12 16:18:44,368 INFO o.a.j.t.JMeterThread: Thread started: 秒杀用户组 1-32
2025-12-12 16:18:44,374 INFO o.a.j.t.JMeterThread: Thread is done: 秒杀用户组 1-32
2025-12-12 16:18:44,375 INFO o.a.j.t.JMeterThread: Thread finished: 秒杀用户组 1-32
2025-12-12 16:18:44,378 INFO o.a.j.t.JMeterThread: Thread started: 秒杀用户组 1-33
2025-12-12 16:18:44,383 INFO o.a.j.t.JMeterThread: Thread is done: 秒杀用户组 1-33
2025-12-12 16:18:44,384 INFO o.a.j.t.JMeterThread: Thread finished: 秒杀用户组 1-33
2025-12-12 16:18:44,387 INFO o.a.j.t.JMeterThread: Thread started: 秒杀用户组 1-34
2025-12-12 16:18:44,393 INFO o.a.j.t.JMeterThread: Thread is done: 秒杀用户组 1-34
2025-12-12 16:18:44,393 INFO o.a.j.t.JMeterThread: Thread finished: 秒杀用户组 1-34
2025-12-12 16:18:44,398 INFO o.a.j.t.JMeterThread: Thread started: 秒杀用户组 1-35
2025-12-12 16:18:44,403 INFO o.a.j.t.JMeterThread: Thread is done: 秒杀用户组 1-35
2025-12-12 16:18:44,403 INFO o.a.j.t.JMeterThread: Thread finished: 秒杀用户组 1-35
2025-12-12 16:18:44,408 INFO o.a.j.t.JMeterThread: Thread started: 秒杀用户组 1-36
2025-12-12 16:18:44,417 INFO o.a.j.t.JMeterThread: Thread is done: 秒杀用户组 1-36
2025-12-12 16:18:44,417 INFO o.a.j.t.JMeterThread: Thread started: 秒杀用户组 1-37
2025-12-12 16:18:44,417 INFO o.a.j.t.JMeterThread: Thread finished: 秒杀用户组 1-36
2025-12-12 16:18:44,425 INFO o.a.j.t.JMeterThread: Thread is done: 秒杀用户组 1-37
2025-12-12 16:18:44,425 INFO o.a.j.t.JMeterThread: Thread finished: 秒杀用户组 1-37
2025-12-12 16:18:44,428 INFO o.a.j.t.JMeterThread: Thread started: 秒杀用户组 1-38
2025-12-12 16:18:44,435 INFO o.a.j.t.JMeterThread: Thread is done: 秒杀用户组 1-38
2025-12-12 16:18:44,435 INFO o.a.j.t.JMeterThread: Thread finished: 秒杀用户组 1-38
2025-12-12 16:18:44,439 INFO o.a.j.t.JMeterThread: Thread started: 秒杀用户组 1-39
2025-12-12 16:18:44,445 INFO o.a.j.t.JMeterThread: Thread is done: 秒杀用户组 1-39
2025-12-12 16:18:44,445 INFO o.a.j.t.JMeterThread: Thread finished: 秒杀用户组 1-39
2025-12-12 16:18:44,449 INFO o.a.j.t.JMeterThread: Thread started: 秒杀用户组 1-40
2025-12-12 16:18:44,454 INFO o.a.j.t.JMeterThread: Thread is done: 秒杀用户组 1-40
2025-12-12 16:18:44,454 INFO o.a.j.t.JMeterThread: Thread finished: 秒杀用户组 1-40
2025-12-12 16:18:44,457 INFO o.a.j.t.JMeterThread: Thread started: 秒杀用户组 1-41
2025-12-12 16:18:44,462 INFO o.a.j.t.JMeterThread: Thread is done: 秒杀用户组 1-41
2025-12-12 16:18:44,462 INFO o.a.j.t.JMeterThread: Thread finished: 秒杀用户组 1-41
2025-12-12 16:18:44,469 INFO o.a.j.t.JMeterThread: Thread started: 秒杀用户组 1-42
2025-12-12 16:18:44,473 INFO o.a.j.t.JMeterThread: Thread is done: 秒杀用户组 1-42
2025-12-12 16:18:44,473 INFO o.a.j.t.JMeterThread: Thread finished: 秒杀用户组 1-42
2025-12-12 16:18:44,478 INFO o.a.j.t.JMeterThread: Thread started: 秒杀用户组 1-43
2025-12-12 16:18:44,484 INFO o.a.j.t.JMeterThread: Thread is done: 秒杀用户组 1-43
2025-12-12 16:18:44,485 INFO o.a.j.t.JMeterThread: Thread finished: 秒杀用户组 1-43
2025-12-12 16:18:44,487 INFO o.a.j.t.JMeterThread: Thread started: 秒杀用户组 1-44
2025-12-12 16:18:44,492 INFO o.a.j.t.JMeterThread: Thread is done: 秒杀用户组 1-44
2025-12-12 16:18:44,492 INFO o.a.j.t.JMeterThread: Thread finished: 秒杀用户组 1-44
2025-12-12 16:18:44,498 INFO o.a.j.t.JMeterThread: Thread started: 秒杀用户组 1-45
2025-12-12 16:18:44,503 INFO o.a.j.t.JMeterThread: Thread is done: 秒杀用户组 1-45
2025-12-12 16:18:44,504 INFO o.a.j.t.JMeterThread: Thread finished: 秒杀用户组 1-45
2025-12-12 16:18:44,508 INFO o.a.j.t.JMeterThread: Thread started: 秒杀用户组 1-46
2025-12-12 16:18:44,514 INFO o.a.j.t.JMeterThread: Thread is done: 秒杀用户组 1-46
2025-12-12 16:18:44,514 INFO o.a.j.t.JMeterThread: Thread finished: 秒杀用户组 1-46
2025-12-12 16:18:44,519 INFO o.a.j.t.JMeterThread: Thread started: 秒杀用户组 1-47
2025-12-12 16:18:44,524 INFO o.a.j.t.JMeterThread: Thread is done: 秒杀用户组 1-47
2025-12-12 16:18:44,524 INFO o.a.j.t.JMeterThread: Thread finished: 秒杀用户组 1-47
2025-12-12 16:18:44,527 INFO o.a.j.t.JMeterThread: Thread started: 秒杀用户组 1-48
2025-12-12 16:18:44,533 INFO o.a.j.t.JMeterThread: Thread is done: 秒杀用户组 1-48
2025-12-12 16:18:44,533 INFO o.a.j.t.JMeterThread: Thread finished: 秒杀用户组 1-48
2025-12-12 16:18:44,537 INFO o.a.j.t.JMeterThread: Thread started: 秒杀用户组 1-49
2025-12-12 16:18:44,547 INFO o.a.j.t.JMeterThread: Thread is done: 秒杀用户组 1-49
2025-12-12 16:18:44,547 INFO o.a.j.t.JMeterThread: Thread finished: 秒杀用户组 1-49
2025-12-12 16:18:44,549 INFO o.a.j.t.JMeterThread: Thread started: 秒杀用户组 1-50
2025-12-12 16:18:44,554 INFO o.a.j.t.JMeterThread: Thread is done: 秒杀用户组 1-50
2025-12-12 16:18:44,554 INFO o.a.j.t.JMeterThread: Thread finished: 秒杀用户组 1-50
2025-12-12 16:18:44,558 INFO o.a.j.t.JMeterThread: Thread started: 秒杀用户组 1-51
2025-12-12 16:18:44,563 INFO o.a.j.t.JMeterThread: Thread is done: 秒杀用户组 1-51
2025-12-12 16:18:44,563 INFO o.a.j.t.JMeterThread: Thread finished: 秒杀用户组 1-51
2025-12-12 16:18:44,567 INFO o.a.j.t.JMeterThread: Thread started: 秒杀用户组 1-52
2025-12-12 16:18:44,572 INFO o.a.j.t.JMeterThread: Thread is done: 秒杀用户组 1-52
2025-12-12 16:18:44,572 INFO o.a.j.t.JMeterThread: Thread finished: 秒杀用户组 1-52
2025-12-12 16:18:44,578 INFO o.a.j.t.JMeterThread: Thread started: 秒杀用户组 1-53
2025-12-12 16:18:44,583 INFO o.a.j.t.JMeterThread: Thread is done: 秒杀用户组 1-53
2025-12-12 16:18:44,583 INFO o.a.j.t.JMeterThread: Thread finished: 秒杀用户组 1-53
2025-12-12 16:18:44,588 INFO o.a.j.t.JMeterThread: Thread started: 秒杀用户组 1-54
2025-12-12 16:18:44,595 INFO o.a.j.t.JMeterThread: Thread is done: 秒杀用户组 1-54
2025-12-12 16:18:44,595 INFO o.a.j.t.JMeterThread: Thread finished: 秒杀用户组 1-54
2025-12-12 16:18:44,598 INFO o.a.j.t.JMeterThread: Thread started: 秒杀用户组 1-55
2025-12-12 16:18:44,604 INFO o.a.j.t.JMeterThread: Thread is done: 秒杀用户组 1-55
2025-12-12 16:18:44,604 INFO o.a.j.t.JMeterThread: Thread finished: 秒杀用户组 1-55
2025-12-12 16:18:44,608 INFO o.a.j.t.JMeterThread: Thread started: 秒杀用户组 1-56
2025-12-12 16:18:44,612 INFO o.a.j.t.JMeterThread: Thread is done: 秒杀用户组 1-56
2025-12-12 16:18:44,612 INFO o.a.j.t.JMeterThread: Thread finished: 秒杀用户组 1-56
2025-12-12 16:18:44,619 INFO o.a.j.t.JMeterThread: Thread started: 秒杀用户组 1-57
2025-12-12 16:18:44,624 INFO o.a.j.t.JMeterThread: Thread is done: 秒杀用户组 1-57
2025-12-12 16:18:44,624 INFO o.a.j.t.JMeterThread: Thread finished: 秒杀用户组 1-57
2025-12-12 16:18:44,629 INFO o.a.j.t.JMeterThread: Thread started: 秒杀用户组 1-58
2025-12-12 16:18:44,632 INFO o.a.j.t.JMeterThread: Thread is done: 秒杀用户组 1-58
2025-12-12 16:18:44,632 INFO o.a.j.t.JMeterThread: Thread finished: 秒杀用户组 1-58
2025-12-12 16:18:44,641 INFO o.a.j.t.JMeterThread: Thread started: 秒杀用户组 1-59
2025-12-12 16:18:44,646 INFO o.a.j.t.JMeterThread: Thread is done: 秒杀用户组 1-59
2025-12-12 16:18:44,646 INFO o.a.j.t.JMeterThread: Thread finished: 秒杀用户组 1-59
2025-12-12 16:18:44,649 INFO o.a.j.t.JMeterThread: Thread started: 秒杀用户组 1-60
2025-12-12 16:18:44,655 INFO o.a.j.t.JMeterThread: Thread is done: 秒杀用户组 1-60
2025-12-12 16:18:44,656 INFO o.a.j.t.JMeterThread: Thread finished: 秒杀用户组 1-60
2025-12-12 16:18:44,658 INFO o.a.j.t.JMeterThread: Thread started: 秒杀用户组 1-61
2025-12-12 16:18:44,663 INFO o.a.j.t.JMeterThread: Thread is done: 秒杀用户组 1-61
2025-12-12 16:18:44,663 INFO o.a.j.t.JMeterThread: Thread finished: 秒杀用户组 1-61
2025-12-12 16:18:44,671 INFO o.a.j.t.JMeterThread: Thread started: 秒杀用户组 1-62
2025-12-12 16:18:44,676 INFO o.a.j.t.JMeterThread: Thread is done: 秒杀用户组 1-62
2025-12-12 16:18:44,676 INFO o.a.j.t.JMeterThread: Thread finished: 秒杀用户组 1-62
2025-12-12 16:18:44,679 INFO o.a.j.t.JMeterThread: Thread started: 秒杀用户组 1-63
2025-12-12 16:18:44,684 INFO o.a.j.t.JMeterThread: Thread is done: 秒杀用户组 1-63
2025-12-12 16:18:44,684 INFO o.a.j.t.JMeterThread: Thread finished: 秒杀用户组 1-63
2025-12-12 16:18:44,689 INFO o.a.j.t.JMeterThread: Thread started: 秒杀用户组 1-64
2025-12-12 16:18:44,695 INFO o.a.j.t.JMeterThread: Thread is done: 秒杀用户组 1-64
2025-12-12 16:18:44,695 INFO o.a.j.t.JMeterThread: Thread finished: 秒杀用户组 1-64
2025-12-12 16:18:44,698 INFO o.a.j.t.JMeterThread: Thread started: 秒杀用户组 1-65
2025-12-12 16:18:44,703 INFO o.a.j.t.JMeterThread: Thread is done: 秒杀用户组 1-65
2025-12-12 16:18:44,703 INFO o.a.j.t.JMeterThread: Thread finished: 秒杀用户组 1-65
2025-12-12 16:18:44,710 INFO o.a.j.t.JMeterThread: Thread started: 秒杀用户组 1-66
2025-12-12 16:18:44,715 INFO o.a.j.t.JMeterThread: Thread is done: 秒杀用户组 1-66
2025-12-12 16:18:44,715 INFO o.a.j.t.JMeterThread: Thread finished: 秒杀用户组 1-66
2025-12-12 16:18:44,719 INFO o.a.j.t.JMeterThread: Thread started: 秒杀用户组 1-67
2025-12-12 16:18:44,724 INFO o.a.j.t.JMeterThread: Thread is done: 秒杀用户组 1-67
2025-12-12 16:18:44,724 INFO o.a.j.t.JMeterThread: Thread finished: 秒杀用户组 1-67
2025-12-12 16:18:44,729 INFO o.a.j.t.JMeterThread: Thread started: 秒杀用户组 1-68
2025-12-12 16:18:44,733 INFO o.a.j.t.JMeterThread: Thread is done: 秒杀用户组 1-68
2025-12-12 16:18:44,733 INFO o.a.j.t.JMeterThread: Thread finished: 秒杀用户组 1-68
2025-12-12 16:18:44,740 INFO o.a.j.t.JMeterThread: Thread started: 秒杀用户组 1-69
2025-12-12 16:18:44,745 INFO o.a.j.t.JMeterThread: Thread is done: 秒杀用户组 1-69
2025-12-12 16:18:44,745 INFO o.a.j.t.JMeterThread: Thread finished: 秒杀用户组 1-69
2025-12-12 16:18:44,750 INFO o.a.j.t.JMeterThread: Thread started: 秒杀用户组 1-70
2025-12-12 16:18:44,754 INFO o.a.j.t.JMeterThread: Thread is done: 秒杀用户组 1-70
2025-12-12 16:18:44,754 INFO o.a.j.t.JMeterThread: Thread finished: 秒杀用户组 1-70
2025-12-12 16:18:44,759 INFO o.a.j.t.JMeterThread: Thread started: 秒杀用户组 1-71
2025-12-12 16:18:44,764 INFO o.a.j.t.JMeterThread: Thread is done: 秒杀用户组 1-71
2025-12-12 16:18:44,764 INFO o.a.j.t.JMeterThread: Thread finished: 秒杀用户组 1-71
2025-12-12 16:18:44,768 INFO o.a.j.t.JMeterThread: Thread started: 秒杀用户组 1-72
2025-12-12 16:18:44,777 INFO o.a.j.t.JMeterThread: Thread is done: 秒杀用户组 1-72
2025-12-12 16:18:44,777 INFO o.a.j.t.JMeterThread: Thread finished: 秒杀用户组 1-72
2025-12-12 16:18:44,779 INFO o.a.j.t.JMeterThread: Thread started: 秒杀用户组 1-73
2025-12-12 16:18:44,785 INFO o.a.j.t.JMeterThread: Thread is done: 秒杀用户组 1-73
2025-12-12 16:18:44,785 INFO o.a.j.t.JMeterThread: Thread finished: 秒杀用户组 1-73
2025-12-12 16:18:44,790 INFO o.a.j.t.JMeterThread: Thread started: 秒杀用户组 1-74
2025-12-12 16:18:44,795 INFO o.a.j.t.JMeterThread: Thread is done: 秒杀用户组 1-74
2025-12-12 16:18:44,795 INFO o.a.j.t.JMeterThread: Thread finished: 秒杀用户组 1-74
2025-12-12 16:18:44,799 INFO o.a.j.t.JMeterThread: Thread started: 秒杀用户组 1-75
2025-12-12 16:18:44,804 INFO o.a.j.t.JMeterThread: Thread is done: 秒杀用户组 1-75
2025-12-12 16:18:44,804 INFO o.a.j.t.JMeterThread: Thread finished: 秒杀用户组 1-75
2025-12-12 16:18:44,809 INFO o.a.j.t.JMeterThread: Thread started: 秒杀用户组 1-76
2025-12-12 16:18:44,815 INFO o.a.j.t.JMeterThread: Thread is done: 秒杀用户组 1-76
2025-12-12 16:18:44,815 INFO o.a.j.t.JMeterThread: Thread finished: 秒杀用户组 1-76
2025-12-12 16:18:44,820 INFO o.a.j.t.JMeterThread: Thread started: 秒杀用户组 1-77
2025-12-12 16:18:44,825 INFO o.a.j.t.JMeterThread: Thread is done: 秒杀用户组 1-77
2025-12-12 16:18:44,825 INFO o.a.j.t.JMeterThread: Thread finished: 秒杀用户组 1-77
2025-12-12 16:18:44,830 INFO o.a.j.t.JMeterThread: Thread started: 秒杀用户组 1-78
2025-12-12 16:18:44,835 INFO o.a.j.t.JMeterThread: Thread is done: 秒杀用户组 1-78
2025-12-12 16:18:44,835 INFO o.a.j.t.JMeterThread: Thread finished: 秒杀用户组 1-78
2025-12-12 16:18:44,839 INFO o.a.j.t.JMeterThread: Thread started: 秒杀用户组 1-79
2025-12-12 16:18:44,844 INFO o.a.j.t.JMeterThread: Thread is done: 秒杀用户组 1-79
2025-12-12 16:18:44,844 INFO o.a.j.t.JMeterThread: Thread finished: 秒杀用户组 1-79
2025-12-12 16:18:44,850 INFO o.a.j.t.JMeterThread: Thread started: 秒杀用户组 1-80
2025-12-12 16:18:44,855 INFO o.a.j.t.JMeterThread: Thread is done: 秒杀用户组 1-80
2025-12-12 16:18:44,855 INFO o.a.j.t.JMeterThread: Thread finished: 秒杀用户组 1-80
2025-12-12 16:18:44,859 INFO o.a.j.t.JMeterThread: Thread started: 秒杀用户组 1-81
2025-12-12 16:18:44,864 INFO o.a.j.t.JMeterThread: Thread is done: 秒杀用户组 1-81
2025-12-12 16:18:44,864 INFO o.a.j.t.JMeterThread: Thread finished: 秒杀用户组 1-81
2025-12-12 16:18:44,869 INFO o.a.j.t.JMeterThread: Thread started: 秒杀用户组 1-82
2025-12-12 16:18:44,874 INFO o.a.j.t.JMeterThread: Thread is done: 秒杀用户组 1-82
2025-12-12 16:18:44,874 INFO o.a.j.t.JMeterThread: Thread finished: 秒杀用户组 1-82
2025-12-12 16:18:44,878 INFO o.a.j.t.JMeterThread: Thread started: 秒杀用户组 1-83
2025-12-12 16:18:44,883 INFO o.a.j.t.JMeterThread: Thread is done: 秒杀用户组 1-83
2025-12-12 16:18:44,883 INFO o.a.j.t.JMeterThread: Thread finished: 秒杀用户组 1-83
2025-12-12 16:18:44,889 INFO o.a.j.t.JMeterThread: Thread started: 秒杀用户组 1-84
2025-12-12 16:18:44,894 INFO o.a.j.t.JMeterThread: Thread is done: 秒杀用户组 1-84
2025-12-12 16:18:44,894 INFO o.a.j.t.JMeterThread: Thread finished: 秒杀用户组 1-84
2025-12-12 16:18:44,899 INFO o.a.j.t.JMeterThread: Thread started: 秒杀用户组 1-85
2025-12-12 16:18:44,905 INFO o.a.j.t.JMeterThread: Thread is done: 秒杀用户组 1-85
2025-12-12 16:18:44,905 INFO o.a.j.t.JMeterThread: Thread finished: 秒杀用户组 1-85
2025-12-12 16:18:44,909 INFO o.a.j.t.JMeterThread: Thread started: 秒杀用户组 1-86
2025-12-12 16:18:44,916 INFO o.a.j.t.JMeterThread: Thread is done: 秒杀用户组 1-86
2025-12-12 16:18:44,916 INFO o.a.j.t.JMeterThread: Thread finished: 秒杀用户组 1-86
2025-12-12 16:18:44,919 INFO o.a.j.t.JMeterThread: Thread started: 秒杀用户组 1-87
2025-12-12 16:18:44,924 INFO o.a.j.t.JMeterThread: Thread is done: 秒杀用户组 1-87
2025-12-12 16:18:44,924 INFO o.a.j.t.JMeterThread: Thread finished: 秒杀用户组 1-87
2025-12-12 16:18:44,929 INFO o.a.j.t.JMeterThread: Thread started: 秒杀用户组 1-88
2025-12-12 16:18:44,933 INFO o.a.j.t.JMeterThread: Thread is done: 秒杀用户组 1-88
2025-12-12 16:18:44,933 INFO o.a.j.t.JMeterThread: Thread finished: 秒杀用户组 1-88
2025-12-12 16:18:44,940 INFO o.a.j.t.JMeterThread: Thread started: 秒杀用户组 1-89
2025-12-12 16:18:44,946 INFO o.a.j.t.JMeterThread: Thread is done: 秒杀用户组 1-89
2025-12-12 16:18:44,946 INFO o.a.j.t.JMeterThread: Thread finished: 秒杀用户组 1-89
2025-12-12 16:18:44,949 INFO o.a.j.t.JMeterThread: Thread started: 秒杀用户组 1-90
2025-12-12 16:18:44,954 INFO o.a.j.t.JMeterThread: Thread is done: 秒杀用户组 1-90
2025-12-12 16:18:44,954 INFO o.a.j.t.JMeterThread: Thread finished: 秒杀用户组 1-90
2025-12-12 16:18:44,960 INFO o.a.j.t.JMeterThread: Thread started: 秒杀用户组 1-91
2025-12-12 16:18:44,965 INFO o.a.j.t.JMeterThread: Thread is done: 秒杀用户组 1-91
2025-12-12 16:18:44,965 INFO o.a.j.t.JMeterThread: Thread finished: 秒杀用户组 1-91
2025-12-12 16:18:44,969 INFO o.a.j.t.JMeterThread: Thread started: 秒杀用户组 1-92
2025-12-12 16:18:44,974 INFO o.a.j.t.JMeterThread: Thread is done: 秒杀用户组 1-92
2025-12-12 16:18:44,974 INFO o.a.j.t.JMeterThread: Thread finished: 秒杀用户组 1-92
2025-12-12 16:18:44,979 INFO o.a.j.t.JMeterThread: Thread started: 秒杀用户组 1-93
2025-12-12 16:18:44,984 INFO o.a.j.t.JMeterThread: Thread is done: 秒杀用户组 1-93
2025-12-12 16:18:44,984 INFO o.a.j.t.JMeterThread: Thread finished: 秒杀用户组 1-93
2025-12-12 16:18:44,989 INFO o.a.j.t.JMeterThread: Thread started: 秒杀用户组 1-94
2025-12-12 16:18:44,994 INFO o.a.j.t.JMeterThread: Thread is done: 秒杀用户组 1-94
2025-12-12 16:18:44,994 INFO o.a.j.t.JMeterThread: Thread finished: 秒杀用户组 1-94
2025-12-12 16:18:44,999 INFO o.a.j.t.JMeterThread: Thread started: 秒杀用户组 1-95
2025-12-12 16:18:45,004 INFO o.a.j.t.JMeterThread: Thread is done: 秒杀用户组 1-95
2025-12-12 16:18:45,004 INFO o.a.j.t.JMeterThread: Thread finished: 秒杀用户组 1-95
2025-12-12 16:18:45,010 INFO o.a.j.t.JMeterThread: Thread started: 秒杀用户组 1-96
2025-12-12 16:18:45,016 INFO o.a.j.t.JMeterThread: Thread is done: 秒杀用户组 1-96
2025-12-12 16:18:45,016 INFO o.a.j.t.JMeterThread: Thread finished: 秒杀用户组 1-96
2025-12-12 16:18:45,020 INFO o.a.j.t.JMeterThread: Thread started: 秒杀用户组 1-97
2025-12-12 16:18:45,026 INFO o.a.j.t.JMeterThread: Thread is done: 秒杀用户组 1-97
2025-12-12 16:18:45,026 INFO o.a.j.t.JMeterThread: Thread finished: 秒杀用户组 1-97
2025-12-12 16:18:45,028 INFO o.a.j.t.JMeterThread: Thread started: 秒杀用户组 1-98
2025-12-12 16:18:45,033 INFO o.a.j.t.JMeterThread: Thread is done: 秒杀用户组 1-98
2025-12-12 16:18:45,033 INFO o.a.j.t.JMeterThread: Thread finished: 秒杀用户组 1-98
2025-12-12 16:18:45,038 INFO o.a.j.t.JMeterThread: Thread started: 秒杀用户组 1-99
2025-12-12 16:18:45,042 INFO o.a.j.t.JMeterThread: Thread is done: 秒杀用户组 1-99
2025-12-12 16:18:45,042 INFO o.a.j.t.JMeterThread: Thread finished: 秒杀用户组 1-99
2025-12-12 16:18:45,049 INFO o.a.j.t.JMeterThread: Thread started: 秒杀用户组 1-100
2025-12-12 16:18:45,054 INFO o.a.j.t.JMeterThread: Thread is done: 秒杀用户组 1-100
2025-12-12 16:18:45,054 INFO o.a.j.t.JMeterThread: Thread finished: 秒杀用户组 1-100
2025-12-12 16:18:45,054 INFO o.a.j.e.StandardJMeterEngine: Notifying test listeners of end of test
2025-12-12 16:18:45,056 INFO o.a.j.r.Summariser: summary =    100 in 00:00:01 =   98.7/s Avg:    39 Min:     3 Max:   189 Err:     0 (0.00%)
2025-12-12 16:18:45,056 INFO o.a.j.JMeter: Generating Dashboard
2025-12-12 16:18:45,057 INFO o.a.j.r.d.ReportGenerator: Flushing result collector before report Generation
2025-12-12 16:18:45,081 INFO o.a.j.r.p.NormalizerSampleConsumer: Using format, 'ms', to parse timeStamp field
2025-12-12 16:18:45,184 INFO o.a.j.r.p.AbstractSampleConsumer: class org.apache.jmeter.report.processor.AggregateConsumer#stopProducing(): beginDate produced 0 samples
2025-12-12 16:18:45,185 INFO o.a.j.r.p.AbstractSampleConsumer: class org.apache.jmeter.report.processor.AggregateConsumer#stopProducing(): endDate produced 0 samples
2025-12-12 16:18:45,187 INFO o.a.j.r.p.AbstractSampleConsumer: class org.apache.jmeter.report.processor.ApdexSummaryConsumer#stopProducing(): apdexSummary produced 0 samples
2025-12-12 16:18:45,187 INFO o.a.j.r.p.AbstractSampleConsumer: class org.apache.jmeter.report.processor.RequestsSummaryConsumer#stopProducing(): requestsSummary produced 0 samples
2025-12-12 16:18:45,194 INFO o.a.j.r.p.AbstractSampleConsumer: class org.apache.jmeter.report.processor.StatisticsSummaryConsumer#stopProducing(): statisticsSummary produced 0 samples
2025-12-12 16:18:45,196 INFO o.a.j.r.p.AbstractSampleConsumer: class org.apache.jmeter.report.processor.Top5ErrorsBySamplerConsumer#stopProducing(): top5ErrorsBySampler produced 0 samples
2025-12-12 16:18:45,196 INFO o.a.j.r.p.AbstractSampleConsumer: class org.apache.jmeter.report.processor.ErrorsSummaryConsumer#stopProducing(): errorsSummary produced 0 samples
2025-12-12 16:18:45,196 INFO o.a.j.r.p.AbstractSampleConsumer: class org.apache.jmeter.report.processor.graph.impl.HitsPerSecondGraphConsumer#stopProducing(): hitsPerSecond produced 0 samples
2025-12-12 16:18:45,219 INFO o.a.j.r.p.AbstractSampleConsumer: class org.apache.jmeter.report.processor.graph.impl.LatencyVSRequestGraphConsumer#stopProducing(): latencyVsRequest produced 0 samples
2025-12-12 16:18:45,219 INFO o.a.j.r.p.AbstractSampleConsumer: class org.apache.jmeter.report.processor.graph.impl.SyntheticResponseTimeDistributionGraphConsumer#stopProducing(): syntheticResponseTimeDistribution produced 0 samples
2025-12-12 16:18:45,220 INFO o.a.j.r.p.AbstractSampleConsumer: class org.apache.jmeter.report.processor.graph.impl.BytesThroughputGraphConsumer#stopProducing(): bytesThroughputOverTime produced 0 samples
2025-12-12 16:18:45,220 INFO o.a.j.r.p.AbstractSampleConsumer: class org.apache.jmeter.report.processor.graph.impl.CodesPerSecondGraphConsumer#stopProducing(): codesPerSecond produced 0 samples
2025-12-12 16:18:45,231 INFO o.a.j.r.p.AbstractSampleConsumer: class org.apache.jmeter.report.processor.graph.impl.ResponseTimeVSRequestGraphConsumer#stopProducing(): responseTimeVsRequest produced 0 samples
2025-12-12 16:18:45,231 INFO o.a.j.r.p.AbstractSampleConsumer: class org.apache.jmeter.report.processor.FilterConsumer#stopProducing(): startIntervalControlerFilter produced 700 samples
2025-12-12 16:18:45,231 INFO o.a.j.r.p.AbstractSampleConsumer: class org.apache.jmeter.report.processor.graph.impl.TotalTPSGraphConsumer#stopProducing(): totalTPS produced 0 samples
2025-12-12 16:18:45,231 INFO o.a.j.r.p.AbstractSampleConsumer: class org.apache.jmeter.report.processor.graph.impl.ActiveThreadsGraphConsumer#stopProducing(): activeThreadsOverTime produced 0 samples
2025-12-12 16:18:45,231 INFO o.a.j.r.p.AbstractSampleConsumer: class org.apache.jmeter.report.processor.graph.impl.TimeVSThreadGraphConsumer#stopProducing(): timeVsThreads produced 0 samples
2025-12-12 16:18:45,231 INFO o.a.j.r.p.AbstractSampleConsumer: class org.apache.jmeter.report.processor.graph.impl.ResponseTimeDistributionGraphConsumer#stopProducing(): responseTimeDistribution produced 0 samples
2025-12-12 16:18:45,231 INFO o.a.j.r.p.AbstractSampleConsumer: class org.apache.jmeter.report.processor.graph.impl.TransactionsPerSecondGraphConsumer#stopProducing(): transactionsPerSecond produced 0 samples
2025-12-12 16:18:45,231 INFO o.a.j.r.p.AbstractSampleConsumer: class org.apache.jmeter.report.processor.graph.impl.ResponseTimePercentilesGraphConsumer#stopProducing(): responseTimePercentiles produced 0 samples
2025-12-12 16:18:45,232 INFO o.a.j.r.p.AbstractSampleConsumer: class org.apache.jmeter.report.processor.graph.impl.ResponseTimePercentilesOverTimeGraphConsumer#stopProducing(): responseTimePercentilesOverTime produced 0 samples
2025-12-12 16:18:45,232 INFO o.a.j.r.p.AbstractSampleConsumer: class org.apache.jmeter.report.processor.graph.impl.ResponseTimeOverTimeGraphConsumer#stopProducing(): responseTimesOverTime produced 0 samples
2025-12-12 16:18:45,232 INFO o.a.j.r.p.AbstractSampleConsumer: class org.apache.jmeter.report.processor.graph.impl.ConnectTimeOverTimeGraphConsumer#stopProducing(): connectTimeOverTime produced 0 samples
2025-12-12 16:18:45,232 INFO o.a.j.r.p.AbstractSampleConsumer: class org.apache.jmeter.report.processor.graph.impl.LatencyOverTimeGraphConsumer#stopProducing(): latenciesOverTime produced 0 samples
2025-12-12 16:18:45,232 INFO o.a.j.r.p.AbstractSampleConsumer: class org.apache.jmeter.report.processor.FilterConsumer#stopProducing(): nameFilter produced 1500 samples
2025-12-12 16:18:45,232 INFO o.a.j.r.p.AbstractSampleConsumer: class org.apache.jmeter.report.processor.FilterConsumer#stopProducing(): dateRangeFilter produced 300 samples
2025-12-12 16:18:45,232 INFO o.a.j.r.p.AbstractSampleConsumer: class org.apache.jmeter.report.processor.NormalizerSampleConsumer#stopProducing(): normalizer produced 100 samples
2025-12-12 16:18:45,232 INFO o.a.j.r.p.CsvFileSampleSource: produce(): 100 samples produced in 135ms on channel 0
2025-12-12 16:18:45,232 INFO o.a.j.r.d.ReportGenerator: Exporting data using exporter:'json' of className:'org.apache.jmeter.report.dashboard.JsonExporter'
2025-12-12 16:18:45,296 INFO o.a.j.r.d.JsonExporter: Found data for consumer statisticsSummary?in context
2025-12-12 16:18:45,296 INFO o.a.j.r.d.JsonExporter: Creating statistics for overall
2025-12-12 16:18:45,296 INFO o.a.j.r.d.JsonExporter: Creating statistics for other transactions
2025-12-12 16:18:45,296 INFO o.a.j.r.d.JsonExporter: Checking output folder
2025-12-12 16:18:45,297 INFO o.a.j.r.d.JsonExporter: Writing statistics JSON to D:\我的资料\非关系数据库\seckill-master\seckill\jmeter_report\statistics.json
2025-12-12 16:18:45,341 INFO o.a.j.r.d.ReportGenerator: Exporting data using exporter:'html' of className:'org.apache.jmeter.report.dashboard.HtmlTemplateExporter'
2025-12-12 16:18:45,344 INFO o.a.j.r.d.HtmlTemplateExporter: Will generate dashboard in folder: D:\我的资料\非关系数据库\seckill-master\seckill\jmeter_report
2025-12-12 16:18:45,443 INFO o.a.j.r.d.HtmlTemplateExporter: Report will be generated in: D:\我的资料\非关系数据库\seckill-master\seckill\jmeter_report, creating folder structure
2025-12-12 16:18:45,449 INFO o.a.j.r.d.TemplateVisitor: Copying folder from 'E:\apache-jmeter-5.6.3\bin\report-template' to 'D:\我的资料\非关系数据库\seckill-master\seckill\jmeter_report', got message: D:\我的资料\非关系数据库\seckill-master\seckill\jmeter_report, found non empty folder with following content [D:\我的资料\非关系数据库\seckill-master\seckill\jmeter_report\statistics.json], will be ignored
2025-12-12 16:18:45,899 INFO o.a.j.JMeter: Dashboard generated
