2026-01-08 02:02:51,940 INFO o.a.j.u.JMeterUtils: Setting Locale to en_EN
2026-01-08 02:02:51,964 INFO o.a.j.JMeter: Loading user properties from: E:\apache-jmeter-5.6.3\bin\user.properties
2026-01-08 02:02:51,964 INFO o.a.j.JMeter: Loading system properties from: E:\apache-jmeter-5.6.3\bin\system.properties
2026-01-08 02:02:51,964 INFO o.a.j.JMeter: Setting JMeter property: scheduleId=9001
2026-01-08 02:02:51,964 INFO o.a.j.JMeter: Setting JMeter property: threads=100
2026-01-08 02:02:51,964 INFO o.a.j.JMeter: Setting JMeter property: rampUp=5
2026-01-08 02:02:51,974 INFO o.a.j.JMeter: Copyright (c) 1998-2024 The Apache Software Foundation
2026-01-08 02:02:51,975 INFO o.a.j.JMeter: Version 5.6.3
2026-01-08 02:02:51,975 INFO o.a.j.JMeter: java.version=17.0.14
2026-01-08 02:02:51,975 INFO o.a.j.JMeter: java.vm.name=Java HotSpot(TM) 64-Bit Server VM
2026-01-08 02:02:51,975 INFO o.a.j.JMeter: os.name=Windows 11
2026-01-08 02:02:51,975 INFO o.a.j.JMeter: os.arch=amd64
2026-01-08 02:02:51,975 INFO o.a.j.JMeter: os.version=10.0
2026-01-08 02:02:51,975 INFO o.a.j.JMeter: file.encoding=GBK
2026-01-08 02:02:51,975 INFO o.a.j.JMeter: java.awt.headless=true
2026-01-08 02:02:51,975 INFO o.a.j.JMeter: Max memory     =1073741824
2026-01-08 02:02:51,975 INFO o.a.j.JMeter: Available Processors =20
2026-01-08 02:02:51,985 INFO o.a.j.JMeter: Default Locale=English (EN)
2026-01-08 02:02:51,985 INFO o.a.j.JMeter: JMeter  Locale=English (EN)
2026-01-08 02:02:51,985 INFO o.a.j.JMeter: JMeterHome=E:\apache-jmeter-5.6.3
2026-01-08 02:02:51,985 INFO o.a.j.JMeter: user.dir  =D:\我的资料\非关系数据库\剧本杀管理系统
2026-01-08 02:02:51,986 INFO o.a.j.JMeter: PWD       =D:\我的资料\非关系数据库\剧本杀管理系统
2026-01-08 02:02:51,989 INFO o.a.j.JMeter: IP: 198.18.0.1 Name: haofeifan FullName: haofeifan
2026-01-08 02:02:52,005 INFO o.a.j.s.FileServer: Default base='D:\我的资料\非关系数据库\剧本杀管理系统'
2026-01-08 02:02:52,007 INFO o.a.j.s.FileServer: Set new base='D:\我的资料\非关系数据库\剧本杀管理系统\tools'
2026-01-08 02:02:52,226 INFO o.a.j.s.SaveService: Testplan (JMX) version: 2.2. Testlog (JTL) version: 2.2
2026-01-08 02:02:52,254 INFO o.a.j.s.SaveService: Using SaveService properties version 5.0
2026-01-08 02:02:52,257 INFO o.a.j.s.SaveService: Using SaveService properties file encoding UTF-8
2026-01-08 02:02:52,261 INFO o.a.j.s.SaveService: Loading file: tools\jmeter_lock_test.jmx
2026-01-08 02:02:52,321 INFO o.a.j.p.h.s.HTTPSamplerBase: Parser for text/html is org.apache.jmeter.protocol.http.parser.LagartoBasedHtmlParser
2026-01-08 02:02:52,321 INFO o.a.j.p.h.s.HTTPSamplerBase: Parser for application/xhtml+xml is org.apache.jmeter.protocol.http.parser.LagartoBasedHtmlParser
2026-01-08 02:02:52,321 INFO o.a.j.p.h.s.HTTPSamplerBase: Parser for application/xml is org.apache.jmeter.protocol.http.parser.LagartoBasedHtmlParser
2026-01-08 02:02:52,321 INFO o.a.j.p.h.s.HTTPSamplerBase: Parser for text/xml is org.apache.jmeter.protocol.http.parser.LagartoBasedHtmlParser
2026-01-08 02:02:52,321 INFO o.a.j.p.h.s.HTTPSamplerBase: Parser for text/vnd.wap.wml is org.apache.jmeter.protocol.http.parser.RegexpHTMLParser
2026-01-08 02:02:52,321 INFO o.a.j.p.h.s.HTTPSamplerBase: Parser for text/css is org.apache.jmeter.protocol.http.parser.CssParser
2026-01-08 02:02:52,351 INFO o.a.j.JMeter: Creating summariser <summary>
2026-01-08 02:02:52,363 INFO o.a.j.e.StandardJMeterEngine: Running the test!
2026-01-08 02:02:52,364 INFO o.a.j.s.SampleEvent: List of sample_variables: []
2026-01-08 02:02:52,364 INFO o.a.j.s.SampleEvent: List of sample_variables: []
2026-01-08 02:02:52,369 INFO o.a.j.e.u.CompoundVariable: Note: Function class names must contain the string: '.functions.'
2026-01-08 02:02:52,369 INFO o.a.j.e.u.CompoundVariable: Note: Function class names must not contain the string: '.gui.'
2026-01-08 02:02:52,428 INFO o.a.j.JMeter: Running test (1767808972428)
2026-01-08 02:02:52,448 INFO o.a.j.e.StandardJMeterEngine: Starting ThreadGroup: 1 : Lock 100 Threads
2026-01-08 02:02:52,448 INFO o.a.j.e.StandardJMeterEngine: Starting 100 threads for group Lock 100 Threads.
2026-01-08 02:02:52,448 INFO o.a.j.e.StandardJMeterEngine: Thread will continue on error
2026-01-08 02:02:52,448 INFO o.a.j.t.ThreadGroup: Starting thread group... number=1 threads=100 ramp-up=5 delayedStart=false
2026-01-08 02:02:52,517 INFO o.a.j.t.ThreadGroup: Started thread group number 1
2026-01-08 02:02:52,517 INFO o.a.j.e.StandardJMeterEngine: All thread groups have been started
2026-01-08 02:02:52,634 INFO o.a.j.t.JMeterThread: Thread started: Lock 100 Threads 1-1
2026-01-08 02:02:52,640 INFO o.a.j.s.FileServer: Stored: D:\我的资料\非关系数据库\剧本杀管理系统\tools\jmeter_players.csv
2026-01-08 02:02:52,678 INFO o.a.j.t.JMeterThread: Thread started: Lock 100 Threads 1-2
2026-01-08 02:02:52,690 INFO o.a.j.p.h.s.HTTPHCAbstractImpl: Local host = haofeifan
2026-01-08 02:02:52,696 INFO o.a.j.p.h.s.HTTPHC4Impl: HTTP request retry count = 0
2026-01-08 02:02:52,697 INFO o.a.j.s.SampleResult: Note: Sample TimeStamps are START times
2026-01-08 02:02:52,698 INFO o.a.j.s.SampleResult: sampleresult.default.encoding is set to UTF-8
2026-01-08 02:02:52,698 INFO o.a.j.s.SampleResult: sampleresult.useNanoTime=true
2026-01-08 02:02:52,698 INFO o.a.j.s.SampleResult: sampleresult.nanoThreadSleep=5000
2026-01-08 02:02:52,725 INFO o.a.j.t.JMeterThread: Thread started: Lock 100 Threads 1-3
2026-01-08 02:02:52,775 INFO o.a.j.t.JMeterThread: Thread started: Lock 100 Threads 1-4
2026-01-08 02:02:52,825 INFO o.a.j.t.JMeterThread: Thread started: Lock 100 Threads 1-5
2026-01-08 02:02:52,850 INFO o.a.j.t.JMeterThread: Thread is done: Lock 100 Threads 1-1
2026-01-08 02:02:52,850 INFO o.a.j.t.JMeterThread: Thread is done: Lock 100 Threads 1-4
2026-01-08 02:02:52,850 INFO o.a.j.t.JMeterThread: Thread finished: Lock 100 Threads 1-1
2026-01-08 02:02:52,850 INFO o.a.j.t.JMeterThread: Thread finished: Lock 100 Threads 1-4
2026-01-08 02:02:52,851 INFO o.a.j.t.JMeterThread: Thread is done: Lock 100 Threads 1-3
2026-01-08 02:02:52,851 INFO o.a.j.t.JMeterThread: Thread finished: Lock 100 Threads 1-3
2026-01-08 02:02:52,852 INFO o.a.j.t.JMeterThread: Thread is done: Lock 100 Threads 1-2
2026-01-08 02:02:52,852 INFO o.a.j.t.JMeterThread: Thread finished: Lock 100 Threads 1-2
2026-01-08 02:02:52,854 INFO o.a.j.t.JMeterThread: Thread is done: Lock 100 Threads 1-5
2026-01-08 02:02:52,854 INFO o.a.j.t.JMeterThread: Thread finished: Lock 100 Threads 1-5
2026-01-08 02:02:52,871 INFO o.a.j.t.JMeterThread: Thread started: Lock 100 Threads 1-6
2026-01-08 02:02:52,892 INFO o.a.j.t.JMeterThread: Thread is done: Lock 100 Threads 1-6
2026-01-08 02:02:52,892 INFO o.a.j.t.JMeterThread: Thread finished: Lock 100 Threads 1-6
2026-01-08 02:02:52,919 INFO o.a.j.t.JMeterThread: Thread started: Lock 100 Threads 1-7
2026-01-08 02:02:52,941 INFO o.a.j.t.JMeterThread: Thread is done: Lock 100 Threads 1-7
2026-01-08 02:02:52,942 INFO o.a.j.t.JMeterThread: Thread finished: Lock 100 Threads 1-7
2026-01-08 02:02:52,969 INFO o.a.j.t.JMeterThread: Thread started: Lock 100 Threads 1-8
2026-01-08 02:02:53,008 INFO o.a.j.t.JMeterThread: Thread is done: Lock 100 Threads 1-8
2026-01-08 02:02:53,008 INFO o.a.j.t.JMeterThread: Thread finished: Lock 100 Threads 1-8
2026-01-08 02:02:53,020 INFO o.a.j.t.JMeterThread: Thread started: Lock 100 Threads 1-9
2026-01-08 02:02:53,060 INFO o.a.j.t.JMeterThread: Thread is done: Lock 100 Threads 1-9
2026-01-08 02:02:53,060 INFO o.a.j.t.JMeterThread: Thread finished: Lock 100 Threads 1-9
2026-01-08 02:02:53,068 INFO o.a.j.t.JMeterThread: Thread started: Lock 100 Threads 1-10
2026-01-08 02:02:53,116 INFO o.a.j.t.JMeterThread: Thread started: Lock 100 Threads 1-11
2026-01-08 02:02:53,133 INFO o.a.j.t.JMeterThread: Thread is done: Lock 100 Threads 1-10
2026-01-08 02:02:53,134 INFO o.a.j.t.JMeterThread: Thread finished: Lock 100 Threads 1-10
2026-01-08 02:02:53,152 INFO o.a.j.t.JMeterThread: Thread is done: Lock 100 Threads 1-11
2026-01-08 02:02:53,152 INFO o.a.j.t.JMeterThread: Thread finished: Lock 100 Threads 1-11
2026-01-08 02:02:53,165 INFO o.a.j.t.JMeterThread: Thread started: Lock 100 Threads 1-12
2026-01-08 02:02:53,185 INFO o.a.j.t.JMeterThread: Thread is done: Lock 100 Threads 1-12
2026-01-08 02:02:53,185 INFO o.a.j.t.JMeterThread: Thread finished: Lock 100 Threads 1-12
2026-01-08 02:02:53,216 INFO o.a.j.t.JMeterThread: Thread started: Lock 100 Threads 1-13
2026-01-08 02:02:53,241 INFO o.a.j.t.JMeterThread: Thread is done: Lock 100 Threads 1-13
2026-01-08 02:02:53,241 INFO o.a.j.t.JMeterThread: Thread finished: Lock 100 Threads 1-13
2026-01-08 02:02:53,267 INFO o.a.j.t.JMeterThread: Thread started: Lock 100 Threads 1-14
2026-01-08 02:02:53,307 INFO o.a.j.t.JMeterThread: Thread is done: Lock 100 Threads 1-14
2026-01-08 02:02:53,307 INFO o.a.j.t.JMeterThread: Thread finished: Lock 100 Threads 1-14
2026-01-08 02:02:53,311 INFO o.a.j.t.JMeterThread: Thread started: Lock 100 Threads 1-15
2026-01-08 02:02:53,336 INFO o.a.j.t.JMeterThread: Thread is done: Lock 100 Threads 1-15
2026-01-08 02:02:53,336 INFO o.a.j.t.JMeterThread: Thread finished: Lock 100 Threads 1-15
2026-01-08 02:02:53,363 INFO o.a.j.t.JMeterThread: Thread started: Lock 100 Threads 1-16
2026-01-08 02:02:53,393 INFO o.a.j.t.JMeterThread: Thread is done: Lock 100 Threads 1-16
2026-01-08 02:02:53,393 INFO o.a.j.t.JMeterThread: Thread finished: Lock 100 Threads 1-16
2026-01-08 02:02:53,411 INFO o.a.j.t.JMeterThread: Thread started: Lock 100 Threads 1-17
2026-01-08 02:02:53,430 INFO o.a.j.t.JMeterThread: Thread is done: Lock 100 Threads 1-17
2026-01-08 02:02:53,430 INFO o.a.j.t.JMeterThread: Thread finished: Lock 100 Threads 1-17
2026-01-08 02:02:53,460 INFO o.a.j.t.JMeterThread: Thread started: Lock 100 Threads 1-18
2026-01-08 02:02:53,483 INFO o.a.j.t.JMeterThread: Thread is done: Lock 100 Threads 1-18
2026-01-08 02:02:53,483 INFO o.a.j.t.JMeterThread: Thread finished: Lock 100 Threads 1-18
2026-01-08 02:02:53,513 INFO o.a.j.t.JMeterThread: Thread started: Lock 100 Threads 1-19
2026-01-08 02:02:53,554 INFO o.a.j.t.JMeterThread: Thread is done: Lock 100 Threads 1-19
2026-01-08 02:02:53,554 INFO o.a.j.t.JMeterThread: Thread finished: Lock 100 Threads 1-19
2026-01-08 02:02:53,561 INFO o.a.j.t.JMeterThread: Thread started: Lock 100 Threads 1-20
2026-01-08 02:02:53,578 INFO o.a.j.t.JMeterThread: Thread is done: Lock 100 Threads 1-20
2026-01-08 02:02:53,578 INFO o.a.j.t.JMeterThread: Thread finished: Lock 100 Threads 1-20
2026-01-08 02:02:53,612 INFO o.a.j.t.JMeterThread: Thread started: Lock 100 Threads 1-21
2026-01-08 02:02:53,654 INFO o.a.j.t.JMeterThread: Thread is done: Lock 100 Threads 1-21
2026-01-08 02:02:53,654 INFO o.a.j.t.JMeterThread: Thread finished: Lock 100 Threads 1-21
2026-01-08 02:02:53,662 INFO o.a.j.t.JMeterThread: Thread started: Lock 100 Threads 1-22
2026-01-08 02:02:53,690 INFO o.a.j.t.JMeterThread: Thread is done: Lock 100 Threads 1-22
2026-01-08 02:02:53,690 INFO o.a.j.t.JMeterThread: Thread finished: Lock 100 Threads 1-22
2026-01-08 02:02:53,710 INFO o.a.j.t.JMeterThread: Thread started: Lock 100 Threads 1-23
2026-01-08 02:02:53,731 INFO o.a.j.t.JMeterThread: Thread is done: Lock 100 Threads 1-23
2026-01-08 02:02:53,731 INFO o.a.j.t.JMeterThread: Thread finished: Lock 100 Threads 1-23
2026-01-08 02:02:53,756 INFO o.a.j.t.JMeterThread: Thread started: Lock 100 Threads 1-24
2026-01-08 02:02:53,790 INFO o.a.j.t.JMeterThread: Thread is done: Lock 100 Threads 1-24
2026-01-08 02:02:53,790 INFO o.a.j.t.JMeterThread: Thread finished: Lock 100 Threads 1-24
2026-01-08 02:02:53,809 INFO o.a.j.t.JMeterThread: Thread started: Lock 100 Threads 1-25
2026-01-08 02:02:53,837 INFO o.a.j.t.JMeterThread: Thread is done: Lock 100 Threads 1-25
2026-01-08 02:02:53,837 INFO o.a.j.t.JMeterThread: Thread finished: Lock 100 Threads 1-25
2026-01-08 02:02:53,858 INFO o.a.j.t.JMeterThread: Thread started: Lock 100 Threads 1-26
2026-01-08 02:02:53,886 INFO o.a.j.t.JMeterThread: Thread is done: Lock 100 Threads 1-26
2026-01-08 02:02:53,886 INFO o.a.j.t.JMeterThread: Thread finished: Lock 100 Threads 1-26
2026-01-08 02:02:53,908 INFO o.a.j.t.JMeterThread: Thread started: Lock 100 Threads 1-27
2026-01-08 02:02:53,954 INFO o.a.j.t.JMeterThread: Thread started: Lock 100 Threads 1-28
2026-01-08 02:02:53,961 INFO o.a.j.t.JMeterThread: Thread is done: Lock 100 Threads 1-27
2026-01-08 02:02:53,961 INFO o.a.j.t.JMeterThread: Thread finished: Lock 100 Threads 1-27
2026-01-08 02:02:53,988 INFO o.a.j.t.JMeterThread: Thread is done: Lock 100 Threads 1-28
2026-01-08 02:02:53,988 INFO o.a.j.t.JMeterThread: Thread finished: Lock 100 Threads 1-28
2026-01-08 02:02:54,008 INFO o.a.j.t.JMeterThread: Thread started: Lock 100 Threads 1-29
2026-01-08 02:02:54,040 INFO o.a.j.t.JMeterThread: Thread is done: Lock 100 Threads 1-29
2026-01-08 02:02:54,040 INFO o.a.j.t.JMeterThread: Thread finished: Lock 100 Threads 1-29
2026-01-08 02:02:54,056 INFO o.a.j.t.JMeterThread: Thread started: Lock 100 Threads 1-30
2026-01-08 02:02:54,089 INFO o.a.j.t.JMeterThread: Thread is done: Lock 100 Threads 1-30
2026-01-08 02:02:54,089 INFO o.a.j.t.JMeterThread: Thread finished: Lock 100 Threads 1-30
2026-01-08 02:02:54,105 INFO o.a.j.t.JMeterThread: Thread started: Lock 100 Threads 1-31
2026-01-08 02:02:54,131 INFO o.a.j.t.JMeterThread: Thread is done: Lock 100 Threads 1-31
2026-01-08 02:02:54,132 INFO o.a.j.t.JMeterThread: Thread finished: Lock 100 Threads 1-31
2026-01-08 02:02:54,155 INFO o.a.j.t.JMeterThread: Thread started: Lock 100 Threads 1-32
2026-01-08 02:02:54,194 INFO o.a.j.t.JMeterThread: Thread is done: Lock 100 Threads 1-32
2026-01-08 02:02:54,195 INFO o.a.j.t.JMeterThread: Thread finished: Lock 100 Threads 1-32
2026-01-08 02:02:54,202 INFO o.a.j.t.JMeterThread: Thread started: Lock 100 Threads 1-33
2026-01-08 02:02:54,229 INFO o.a.j.t.JMeterThread: Thread is done: Lock 100 Threads 1-33
2026-01-08 02:02:54,229 INFO o.a.j.t.JMeterThread: Thread finished: Lock 100 Threads 1-33
2026-01-08 02:02:54,253 INFO o.a.j.t.JMeterThread: Thread started: Lock 100 Threads 1-34
2026-01-08 02:02:54,274 INFO o.a.j.t.JMeterThread: Thread is done: Lock 100 Threads 1-34
2026-01-08 02:02:54,274 INFO o.a.j.t.JMeterThread: Thread finished: Lock 100 Threads 1-34
2026-01-08 02:02:54,302 INFO o.a.j.t.JMeterThread: Thread started: Lock 100 Threads 1-35
2026-01-08 02:02:54,322 INFO o.a.j.t.JMeterThread: Thread is done: Lock 100 Threads 1-35
2026-01-08 02:02:54,322 INFO o.a.j.t.JMeterThread: Thread finished: Lock 100 Threads 1-35
2026-01-08 02:02:54,352 INFO o.a.j.t.JMeterThread: Thread started: Lock 100 Threads 1-36
2026-01-08 02:02:54,373 INFO o.a.j.t.JMeterThread: Thread is done: Lock 100 Threads 1-36
2026-01-08 02:02:54,373 INFO o.a.j.t.JMeterThread: Thread finished: Lock 100 Threads 1-36
2026-01-08 02:02:54,401 INFO o.a.j.t.JMeterThread: Thread started: Lock 100 Threads 1-37
2026-01-08 02:02:54,417 INFO o.a.j.t.JMeterThread: Thread is done: Lock 100 Threads 1-37
2026-01-08 02:02:54,418 INFO o.a.j.t.JMeterThread: Thread finished: Lock 100 Threads 1-37
2026-01-08 02:02:54,449 INFO o.a.j.t.JMeterThread: Thread started: Lock 100 Threads 1-38
2026-01-08 02:02:54,468 INFO o.a.j.t.JMeterThread: Thread is done: Lock 100 Threads 1-38
2026-01-08 02:02:54,468 INFO o.a.j.t.JMeterThread: Thread finished: Lock 100 Threads 1-38
2026-01-08 02:02:54,501 INFO o.a.j.t.JMeterThread: Thread started: Lock 100 Threads 1-39
2026-01-08 02:02:54,541 INFO o.a.j.t.JMeterThread: Thread is done: Lock 100 Threads 1-39
2026-01-08 02:02:54,541 INFO o.a.j.t.JMeterThread: Thread finished: Lock 100 Threads 1-39
2026-01-08 02:02:54,551 INFO o.a.j.t.JMeterThread: Thread started: Lock 100 Threads 1-40
2026-01-08 02:02:54,580 INFO o.a.j.t.JMeterThread: Thread is done: Lock 100 Threads 1-40
2026-01-08 02:02:54,580 INFO o.a.j.t.JMeterThread: Thread finished: Lock 100 Threads 1-40
2026-01-08 02:02:54,599 INFO o.a.j.t.JMeterThread: Thread started: Lock 100 Threads 1-41
2026-01-08 02:02:54,624 INFO o.a.j.t.JMeterThread: Thread is done: Lock 100 Threads 1-41
2026-01-08 02:02:54,624 INFO o.a.j.t.JMeterThread: Thread finished: Lock 100 Threads 1-41
2026-01-08 02:02:54,648 INFO o.a.j.t.JMeterThread: Thread started: Lock 100 Threads 1-42
2026-01-08 02:02:54,670 INFO o.a.j.t.JMeterThread: Thread is done: Lock 100 Threads 1-42
2026-01-08 02:02:54,671 INFO o.a.j.t.JMeterThread: Thread finished: Lock 100 Threads 1-42
2026-01-08 02:02:54,698 INFO o.a.j.t.JMeterThread: Thread started: Lock 100 Threads 1-43
2026-01-08 02:02:54,735 INFO o.a.j.t.JMeterThread: Thread is done: Lock 100 Threads 1-43
2026-01-08 02:02:54,735 INFO o.a.j.t.JMeterThread: Thread finished: Lock 100 Threads 1-43
2026-01-08 02:02:54,746 INFO o.a.j.t.JMeterThread: Thread started: Lock 100 Threads 1-44
2026-01-08 02:02:54,763 INFO o.a.j.t.JMeterThread: Thread is done: Lock 100 Threads 1-44
2026-01-08 02:02:54,763 INFO o.a.j.t.JMeterThread: Thread finished: Lock 100 Threads 1-44
2026-01-08 02:02:54,795 INFO o.a.j.t.JMeterThread: Thread started: Lock 100 Threads 1-45
2026-01-08 02:02:54,832 INFO o.a.j.t.JMeterThread: Thread is done: Lock 100 Threads 1-45
2026-01-08 02:02:54,832 INFO o.a.j.t.JMeterThread: Thread finished: Lock 100 Threads 1-45
2026-01-08 02:02:54,844 INFO o.a.j.t.JMeterThread: Thread started: Lock 100 Threads 1-46
2026-01-08 02:02:54,862 INFO o.a.j.t.JMeterThread: Thread is done: Lock 100 Threads 1-46
2026-01-08 02:02:54,862 INFO o.a.j.t.JMeterThread: Thread finished: Lock 100 Threads 1-46
2026-01-08 02:02:54,896 INFO o.a.j.t.JMeterThread: Thread started: Lock 100 Threads 1-47
2026-01-08 02:02:54,944 INFO o.a.j.t.JMeterThread: Thread started: Lock 100 Threads 1-48
2026-01-08 02:02:54,951 INFO o.a.j.t.JMeterThread: Thread is done: Lock 100 Threads 1-47
2026-01-08 02:02:54,951 INFO o.a.j.t.JMeterThread: Thread finished: Lock 100 Threads 1-47
2026-01-08 02:02:54,971 INFO o.a.j.t.JMeterThread: Thread is done: Lock 100 Threads 1-48
2026-01-08 02:02:54,972 INFO o.a.j.t.JMeterThread: Thread finished: Lock 100 Threads 1-48
2026-01-08 02:02:54,994 INFO o.a.j.t.JMeterThread: Thread started: Lock 100 Threads 1-49
2026-01-08 02:02:55,014 INFO o.a.j.t.JMeterThread: Thread is done: Lock 100 Threads 1-49
2026-01-08 02:02:55,014 INFO o.a.j.t.JMeterThread: Thread finished: Lock 100 Threads 1-49
2026-01-08 02:02:55,044 INFO o.a.j.t.JMeterThread: Thread started: Lock 100 Threads 1-50
2026-01-08 02:02:55,068 INFO o.a.j.t.JMeterThread: Thread is done: Lock 100 Threads 1-50
2026-01-08 02:02:55,068 INFO o.a.j.t.JMeterThread: Thread finished: Lock 100 Threads 1-50
2026-01-08 02:02:55,093 INFO o.a.j.t.JMeterThread: Thread started: Lock 100 Threads 1-51
2026-01-08 02:02:55,117 INFO o.a.j.t.JMeterThread: Thread is done: Lock 100 Threads 1-51
2026-01-08 02:02:55,117 INFO o.a.j.t.JMeterThread: Thread finished: Lock 100 Threads 1-51
2026-01-08 02:02:55,144 INFO o.a.j.t.JMeterThread: Thread started: Lock 100 Threads 1-52
2026-01-08 02:02:55,175 INFO o.a.j.t.JMeterThread: Thread is done: Lock 100 Threads 1-52
2026-01-08 02:02:55,175 INFO o.a.j.t.JMeterThread: Thread finished: Lock 100 Threads 1-52
2026-01-08 02:02:55,193 INFO o.a.j.t.JMeterThread: Thread started: Lock 100 Threads 1-53
2026-01-08 02:02:55,218 INFO o.a.j.t.JMeterThread: Thread is done: Lock 100 Threads 1-53
2026-01-08 02:02:55,218 INFO o.a.j.t.JMeterThread: Thread finished: Lock 100 Threads 1-53
2026-01-08 02:02:55,241 INFO o.a.j.t.JMeterThread: Thread started: Lock 100 Threads 1-54
2026-01-08 02:02:55,265 INFO o.a.j.t.JMeterThread: Thread is done: Lock 100 Threads 1-54
2026-01-08 02:02:55,265 INFO o.a.j.t.JMeterThread: Thread finished: Lock 100 Threads 1-54
2026-01-08 02:02:55,291 INFO o.a.j.t.JMeterThread: Thread started: Lock 100 Threads 1-55
2026-01-08 02:02:55,323 INFO o.a.j.t.JMeterThread: Thread is done: Lock 100 Threads 1-55
2026-01-08 02:02:55,323 INFO o.a.j.t.JMeterThread: Thread finished: Lock 100 Threads 1-55
2026-01-08 02:02:55,339 INFO o.a.j.t.JMeterThread: Thread started: Lock 100 Threads 1-56
2026-01-08 02:02:55,360 INFO o.a.j.t.JMeterThread: Thread is done: Lock 100 Threads 1-56
2026-01-08 02:02:55,360 INFO o.a.j.t.JMeterThread: Thread finished: Lock 100 Threads 1-56
2026-01-08 02:02:55,392 INFO o.a.j.t.JMeterThread: Thread started: Lock 100 Threads 1-57
2026-01-08 02:02:55,410 INFO o.a.j.t.JMeterThread: Thread is done: Lock 100 Threads 1-57
2026-01-08 02:02:55,410 INFO o.a.j.t.JMeterThread: Thread finished: Lock 100 Threads 1-57
2026-01-08 02:02:55,441 INFO o.a.j.t.JMeterThread: Thread started: Lock 100 Threads 1-58
2026-01-08 02:02:55,471 INFO o.a.j.t.JMeterThread: Thread is done: Lock 100 Threads 1-58
2026-01-08 02:02:55,472 INFO o.a.j.t.JMeterThread: Thread finished: Lock 100 Threads 1-58
2026-01-08 02:02:55,492 INFO o.a.j.t.JMeterThread: Thread started: Lock 100 Threads 1-59
2026-01-08 02:02:55,528 INFO o.a.j.t.JMeterThread: Thread is done: Lock 100 Threads 1-59
2026-01-08 02:02:55,528 INFO o.a.j.t.JMeterThread: Thread finished: Lock 100 Threads 1-59
2026-01-08 02:02:55,539 INFO o.a.j.t.JMeterThread: Thread started: Lock 100 Threads 1-60
2026-01-08 02:02:55,557 INFO o.a.j.t.JMeterThread: Thread is done: Lock 100 Threads 1-60
2026-01-08 02:02:55,557 INFO o.a.j.t.JMeterThread: Thread finished: Lock 100 Threads 1-60
2026-01-08 02:02:55,588 INFO o.a.j.t.JMeterThread: Thread started: Lock 100 Threads 1-61
2026-01-08 02:02:55,615 INFO o.a.j.t.JMeterThread: Thread is done: Lock 100 Threads 1-61
2026-01-08 02:02:55,615 INFO o.a.j.t.JMeterThread: Thread finished: Lock 100 Threads 1-61
2026-01-08 02:02:55,639 INFO o.a.j.t.JMeterThread: Thread started: Lock 100 Threads 1-62
2026-01-08 02:02:55,666 INFO o.a.j.t.JMeterThread: Thread is done: Lock 100 Threads 1-62
2026-01-08 02:02:55,666 INFO o.a.j.t.JMeterThread: Thread finished: Lock 100 Threads 1-62
2026-01-08 02:02:55,686 INFO o.a.j.t.JMeterThread: Thread started: Lock 100 Threads 1-63
2026-01-08 02:02:55,712 INFO o.a.j.t.JMeterThread: Thread is done: Lock 100 Threads 1-63
2026-01-08 02:02:55,713 INFO o.a.j.t.JMeterThread: Thread finished: Lock 100 Threads 1-63
2026-01-08 02:02:55,739 INFO o.a.j.t.JMeterThread: Thread started: Lock 100 Threads 1-64
2026-01-08 02:02:55,763 INFO o.a.j.t.JMeterThread: Thread is done: Lock 100 Threads 1-64
2026-01-08 02:02:55,763 INFO o.a.j.t.JMeterThread: Thread finished: Lock 100 Threads 1-64
2026-01-08 02:02:55,789 INFO o.a.j.t.JMeterThread: Thread started: Lock 100 Threads 1-65
2026-01-08 02:02:55,809 INFO o.a.j.t.JMeterThread: Thread is done: Lock 100 Threads 1-65
2026-01-08 02:02:55,809 INFO o.a.j.t.JMeterThread: Thread finished: Lock 100 Threads 1-65
2026-01-08 02:02:55,838 INFO o.a.j.t.JMeterThread: Thread started: Lock 100 Threads 1-66
2026-01-08 02:02:55,858 INFO o.a.j.t.JMeterThread: Thread is done: Lock 100 Threads 1-66
2026-01-08 02:02:55,859 INFO o.a.j.t.JMeterThread: Thread finished: Lock 100 Threads 1-66
2026-01-08 02:02:55,888 INFO o.a.j.t.JMeterThread: Thread started: Lock 100 Threads 1-67
2026-01-08 02:02:55,904 INFO o.a.j.t.JMeterThread: Thread is done: Lock 100 Threads 1-67
2026-01-08 02:02:55,905 INFO o.a.j.t.JMeterThread: Thread finished: Lock 100 Threads 1-67
2026-01-08 02:02:55,936 INFO o.a.j.t.JMeterThread: Thread started: Lock 100 Threads 1-68
2026-01-08 02:02:55,961 INFO o.a.j.t.JMeterThread: Thread is done: Lock 100 Threads 1-68
2026-01-08 02:02:55,961 INFO o.a.j.t.JMeterThread: Thread finished: Lock 100 Threads 1-68
2026-01-08 02:02:55,987 INFO o.a.j.t.JMeterThread: Thread started: Lock 100 Threads 1-69
2026-01-08 02:02:56,023 INFO o.a.j.t.JMeterThread: Thread is done: Lock 100 Threads 1-69
2026-01-08 02:02:56,024 INFO o.a.j.t.JMeterThread: Thread finished: Lock 100 Threads 1-69
2026-01-08 02:02:56,034 INFO o.a.j.t.JMeterThread: Thread started: Lock 100 Threads 1-70
2026-01-08 02:02:56,055 INFO o.a.j.t.JMeterThread: Thread is done: Lock 100 Threads 1-70
2026-01-08 02:02:56,055 INFO o.a.j.t.JMeterThread: Thread finished: Lock 100 Threads 1-70
2026-01-08 02:02:56,088 INFO o.a.j.t.JMeterThread: Thread started: Lock 100 Threads 1-71
2026-01-08 02:02:56,127 INFO o.a.j.t.JMeterThread: Thread is done: Lock 100 Threads 1-71
2026-01-08 02:02:56,128 INFO o.a.j.t.JMeterThread: Thread finished: Lock 100 Threads 1-71
2026-01-08 02:02:56,134 INFO o.a.j.t.JMeterThread: Thread started: Lock 100 Threads 1-72
2026-01-08 02:02:56,172 INFO o.a.j.t.JMeterThread: Thread is done: Lock 100 Threads 1-72
2026-01-08 02:02:56,172 INFO o.a.j.t.JMeterThread: Thread finished: Lock 100 Threads 1-72
2026-01-08 02:02:56,187 INFO o.a.j.t.JMeterThread: Thread started: Lock 100 Threads 1-73
2026-01-08 02:02:56,216 INFO o.a.j.t.JMeterThread: Thread is done: Lock 100 Threads 1-73
2026-01-08 02:02:56,216 INFO o.a.j.t.JMeterThread: Thread finished: Lock 100 Threads 1-73
2026-01-08 02:02:56,234 INFO o.a.j.t.JMeterThread: Thread started: Lock 100 Threads 1-74
2026-01-08 02:02:56,263 INFO o.a.j.t.JMeterThread: Thread is done: Lock 100 Threads 1-74
2026-01-08 02:02:56,263 INFO o.a.j.t.JMeterThread: Thread finished: Lock 100 Threads 1-74
2026-01-08 02:02:56,283 INFO o.a.j.t.JMeterThread: Thread started: Lock 100 Threads 1-75
2026-01-08 02:02:56,323 INFO o.a.j.t.JMeterThread: Thread is done: Lock 100 Threads 1-75
2026-01-08 02:02:56,323 INFO o.a.j.t.JMeterThread: Thread finished: Lock 100 Threads 1-75
2026-01-08 02:02:56,331 INFO o.a.j.t.JMeterThread: Thread started: Lock 100 Threads 1-76
2026-01-08 02:02:56,355 INFO o.a.j.t.JMeterThread: Thread is done: Lock 100 Threads 1-76
2026-01-08 02:02:56,355 INFO o.a.j.t.JMeterThread: Thread finished: Lock 100 Threads 1-76
2026-01-08 02:02:56,382 INFO o.a.j.t.JMeterThread: Thread started: Lock 100 Threads 1-77
2026-01-08 02:02:56,404 INFO o.a.j.t.JMeterThread: Thread is done: Lock 100 Threads 1-77
2026-01-08 02:02:56,404 INFO o.a.j.t.JMeterThread: Thread finished: Lock 100 Threads 1-77
2026-01-08 02:02:56,433 INFO o.a.j.t.JMeterThread: Thread started: Lock 100 Threads 1-78
2026-01-08 02:02:56,449 INFO o.a.j.t.JMeterThread: Thread is done: Lock 100 Threads 1-78
2026-01-08 02:02:56,449 INFO o.a.j.t.JMeterThread: Thread finished: Lock 100 Threads 1-78
2026-01-08 02:02:56,482 INFO o.a.j.t.JMeterThread: Thread started: Lock 100 Threads 1-79
2026-01-08 02:02:56,499 INFO o.a.j.t.JMeterThread: Thread is done: Lock 100 Threads 1-79
2026-01-08 02:02:56,499 INFO o.a.j.t.JMeterThread: Thread finished: Lock 100 Threads 1-79
2026-01-08 02:02:56,532 INFO o.a.j.t.JMeterThread: Thread started: Lock 100 Threads 1-80
2026-01-08 02:02:56,556 INFO o.a.j.t.JMeterThread: Thread is done: Lock 100 Threads 1-80
2026-01-08 02:02:56,556 INFO o.a.j.t.JMeterThread: Thread finished: Lock 100 Threads 1-80
2026-01-08 02:02:56,582 INFO o.a.j.t.JMeterThread: Thread started: Lock 100 Threads 1-81
2026-01-08 02:02:56,628 INFO o.a.j.t.JMeterThread: Thread is done: Lock 100 Threads 1-81
2026-01-08 02:02:56,629 INFO o.a.j.t.JMeterThread: Thread finished: Lock 100 Threads 1-81
2026-01-08 02:02:56,631 INFO o.a.j.t.JMeterThread: Thread started: Lock 100 Threads 1-82
2026-01-08 02:02:56,656 INFO o.a.j.t.JMeterThread: Thread is done: Lock 100 Threads 1-82
2026-01-08 02:02:56,656 INFO o.a.j.t.JMeterThread: Thread finished: Lock 100 Threads 1-82
2026-01-08 02:02:56,680 INFO o.a.j.t.JMeterThread: Thread started: Lock 100 Threads 1-83
2026-01-08 02:02:56,718 INFO o.a.j.t.JMeterThread: Thread is done: Lock 100 Threads 1-83
2026-01-08 02:02:56,718 INFO o.a.j.t.JMeterThread: Thread finished: Lock 100 Threads 1-83
2026-01-08 02:02:56,730 INFO o.a.j.t.JMeterThread: Thread started: Lock 100 Threads 1-84
2026-01-08 02:02:56,749 INFO o.a.j.t.JMeterThread: Thread is done: Lock 100 Threads 1-84
2026-01-08 02:02:56,749 INFO o.a.j.t.JMeterThread: Thread finished: Lock 100 Threads 1-84
2026-01-08 02:02:56,777 INFO o.a.j.t.JMeterThread: Thread started: Lock 100 Threads 1-85
2026-01-08 02:02:56,808 INFO o.a.j.t.JMeterThread: Thread is done: Lock 100 Threads 1-85
2026-01-08 02:02:56,808 INFO o.a.j.t.JMeterThread: Thread finished: Lock 100 Threads 1-85
2026-01-08 02:02:56,826 INFO o.a.j.t.JMeterThread: Thread started: Lock 100 Threads 1-86
2026-01-08 02:02:56,862 INFO o.a.j.t.JMeterThread: Thread is done: Lock 100 Threads 1-86
2026-01-08 02:02:56,862 INFO o.a.j.t.JMeterThread: Thread finished: Lock 100 Threads 1-86
2026-01-08 02:02:56,879 INFO o.a.j.t.JMeterThread: Thread started: Lock 100 Threads 1-87
2026-01-08 02:02:56,904 INFO o.a.j.t.JMeterThread: Thread is done: Lock 100 Threads 1-87
2026-01-08 02:02:56,904 INFO o.a.j.t.JMeterThread: Thread finished: Lock 100 Threads 1-87
2026-01-08 02:02:56,927 INFO o.a.j.t.JMeterThread: Thread started: Lock 100 Threads 1-88
2026-01-08 02:02:56,944 INFO o.a.j.t.JMeterThread: Thread is done: Lock 100 Threads 1-88
2026-01-08 02:02:56,944 INFO o.a.j.t.JMeterThread: Thread finished: Lock 100 Threads 1-88
2026-01-08 02:02:56,975 INFO o.a.j.t.JMeterThread: Thread started: Lock 100 Threads 1-89
2026-01-08 02:02:56,993 INFO o.a.j.t.JMeterThread: Thread is done: Lock 100 Threads 1-89
2026-01-08 02:02:56,993 INFO o.a.j.t.JMeterThread: Thread finished: Lock 100 Threads 1-89
2026-01-08 02:02:57,034 INFO o.a.j.t.JMeterThread: Thread started: Lock 100 Threads 1-90
2026-01-08 02:02:57,055 INFO o.a.j.t.JMeterThread: Thread is done: Lock 100 Threads 1-90
2026-01-08 02:02:57,055 INFO o.a.j.t.JMeterThread: Thread finished: Lock 100 Threads 1-90
2026-01-08 02:02:57,073 INFO o.a.j.t.JMeterThread: Thread started: Lock 100 Threads 1-91
2026-01-08 02:02:57,099 INFO o.a.j.t.JMeterThread: Thread is done: Lock 100 Threads 1-91
2026-01-08 02:02:57,099 INFO o.a.j.t.JMeterThread: Thread finished: Lock 100 Threads 1-91
2026-01-08 02:02:57,122 INFO o.a.j.t.JMeterThread: Thread started: Lock 100 Threads 1-92
2026-01-08 02:02:57,155 INFO o.a.j.t.JMeterThread: Thread is done: Lock 100 Threads 1-92
2026-01-08 02:02:57,155 INFO o.a.j.t.JMeterThread: Thread finished: Lock 100 Threads 1-92
2026-01-08 02:02:57,175 INFO o.a.j.t.JMeterThread: Thread started: Lock 100 Threads 1-93
2026-01-08 02:02:57,205 INFO o.a.j.t.JMeterThread: Thread is done: Lock 100 Threads 1-93
2026-01-08 02:02:57,205 INFO o.a.j.t.JMeterThread: Thread finished: Lock 100 Threads 1-93
2026-01-08 02:02:57,224 INFO o.a.j.t.JMeterThread: Thread started: Lock 100 Threads 1-94
2026-01-08 02:02:57,249 INFO o.a.j.t.JMeterThread: Thread is done: Lock 100 Threads 1-94
2026-01-08 02:02:57,249 INFO o.a.j.t.JMeterThread: Thread finished: Lock 100 Threads 1-94
2026-01-08 02:02:57,275 INFO o.a.j.t.JMeterThread: Thread started: Lock 100 Threads 1-95
2026-01-08 02:02:57,310 INFO o.a.j.t.JMeterThread: Thread is done: Lock 100 Threads 1-95
2026-01-08 02:02:57,311 INFO o.a.j.t.JMeterThread: Thread finished: Lock 100 Threads 1-95
2026-01-08 02:02:57,324 INFO o.a.j.t.JMeterThread: Thread started: Lock 100 Threads 1-96
2026-01-08 02:02:57,363 INFO o.a.j.t.JMeterThread: Thread is done: Lock 100 Threads 1-96
2026-01-08 02:02:57,363 INFO o.a.j.t.JMeterThread: Thread finished: Lock 100 Threads 1-96
2026-01-08 02:02:57,373 INFO o.a.j.t.JMeterThread: Thread started: Lock 100 Threads 1-97
2026-01-08 02:02:57,399 INFO o.a.j.t.JMeterThread: Thread is done: Lock 100 Threads 1-97
2026-01-08 02:02:57,399 INFO o.a.j.t.JMeterThread: Thread finished: Lock 100 Threads 1-97
2026-01-08 02:02:57,416 INFO o.a.j.t.JMeterThread: Thread started: Lock 100 Threads 1-98
2026-01-08 02:02:57,434 INFO o.a.j.t.JMeterThread: Thread is done: Lock 100 Threads 1-98
2026-01-08 02:02:57,434 INFO o.a.j.t.JMeterThread: Thread finished: Lock 100 Threads 1-98
2026-01-08 02:02:57,464 INFO o.a.j.t.JMeterThread: Thread started: Lock 100 Threads 1-99
2026-01-08 02:02:57,482 INFO o.a.j.t.JMeterThread: Thread is done: Lock 100 Threads 1-99
2026-01-08 02:02:57,482 INFO o.a.j.t.JMeterThread: Thread finished: Lock 100 Threads 1-99
2026-01-08 02:02:57,514 INFO o.a.j.t.JMeterThread: Thread started: Lock 100 Threads 1-100
2026-01-08 02:02:57,543 INFO o.a.j.t.JMeterThread: Thread is done: Lock 100 Threads 1-100
2026-01-08 02:02:57,543 INFO o.a.j.t.JMeterThread: Thread finished: Lock 100 Threads 1-100
2026-01-08 02:02:57,544 INFO o.a.j.e.StandardJMeterEngine: Notifying test listeners of end of test
2026-01-08 02:02:57,544 INFO o.a.j.s.FileServer: Close: D:\我的资料\非关系数据库\剧本杀管理系统\tools\jmeter_players.csv
2026-01-08 02:02:57,547 INFO o.a.j.r.Summariser: summary =    200 in 00:00:05 =   39.1/s Avg:    13 Min:     6 Max:    36 Err:    95 (47.50%)
